given nr       test  1, wbutt01  errored -- Loading your lambda code triggered these errors: error: unbound free variable in RHS of binding: if
given nr       test  1, mgolds07 passed
given nr       test  1, dreif01  passed
given nr       test  1, graymo01 passed
given nr       test  1, ahamli02 passed
given nr       test  1, czuber01 diverged -- We expected term "nth 3 phonetic-alphabet" to reduce to "nr@Delta", but your code diverged.
given nr       test  1, sratta01 diverged -- We expected term "nth 3 phonetic-alphabet" to reduce to "nr@Delta", but your code diverged.
given nr       test  1, abell01  passed
given nr       test  1, cbrink   passed
given nr       test  1, ahay01   failed -- We expected term "nth 3 phonetic-alphabet" to reduce to "nr@Delta", but using your definitions, it reduced to "\n.\c.n".
given nr       test  1, ewu02    errored -- Loading your lambda code triggered these errors: error: unbound free variable in RHS of binding: not; error: unbound free variable in RHS of binding: Z; error: unbound free variable in RHS of binding: R; syntax error: Invalid Lambda Expression
given nr       test  1, cgrama01 passed
given nr       test  1, ryagud01 passed
given nr       test  1, ccann    errored -- Loading your lambda code triggered these errors: syntax error: 'noreduce' is a reserved word
given nr       test  1, fteume01 failed -- We expected term "nth 3 phonetic-alphabet" to reduce to "nr@Delta", but using your definitions, it reduced to "nth (\f.\x.f (f (f x))) \n.\c.c nr@Alpha \n.\c.c nr@Bravo \n.\c.c nr@Charlie \n.\c.c nr@Delta \n.\c.c nr@Foxtrot \n.\c.c nr@Golf \n.\c.c nr@Hotel \n.\c.c nr@India \n.\c.c nr@Juliet \n.\c.c nr@Kilo \n.\c.n".
given nr       test  1, ealter01 passed
given nr       test  1, jwilde01 passed
given nr       test  1, jliebo01 passed
given nr       test  1, mbulia01 failed -- We expected term "nth 3 phonetic-alphabet" to reduce to "nr@Delta", but using your definitions, it reduced to "nth (\f.\x.f (f (f x))) \n.\c.c nr@Alpha \n.\c.c nr@Bravo \n.\c.c nr@Charlie \n.\c.c nr@Delta \n.\c.c nr@Foxtrot \n.\c.c nr@Golf \n.\c.c nr@Hotel \n.\c.c nr@India \n.\c.c nr@Juliet \n.\c.c nr@Kilo \n.\c.n".
given nr       test  1, bakasl01 passed
given nr       test  1, akuan01  failed -- We expected term "nth 3 phonetic-alphabet" to reduce to "nr@Delta", but using your definitions, it reduced to "nr@Charlie".
given nr       test  1, malex    passed
given nr       test  1, ead36    passed
given nr       test  1, gbodwi01 passed
given nr       test  1, shalst01 passed
given nr       test  1, naiken02 passed
given nr       test  1, jlockw01 passed
given nr       test  1, dfortu01 passed
given nr       test  1, alevin01 failed -- We expected term "nth 3 phonetic-alphabet" to reduce to "nr@Delta", but using your definitions, it reduced to "\c.c nr@Delta \n.\c.c nr@Foxtrot \n.\c.c nr@Golf \n.\c.c nr@Hotel \n.\c.c nr@India \n.\c.c nr@Juliet \n.\c.c nr@Kilo \n.\c.n".
given nr       test  1, clangb01 errored -- Loading your lambda code triggered these errors: error: unbound free variable in RHS of binding: nth
given nr       test  1, amcgla01 passed
given nr       test  1, jmonte03 passed
given nr       test  1, jglazi01 passed
given nr       test  1, akhaku01 passed
given nr       test  1, mborys01 errored -- Loading your lambda code triggered these errors: error: unbound free variable in RHS of binding: if
given nr       test  1, wholah01 passed
given nr       test  1, deder01  passed
given nr       test  1, mbfrey   passed
given nr       test  1, byukse01 passed
given nr       test  1, rstern03 passed
given nr       test  1, mnoble01 diverged -- We expected term "nth 3 phonetic-alphabet" to reduce to "nr@Delta", but your code diverged.
given nr       test  1, csmith05 errored -- Loading your lambda code triggered these errors: error: unbound free variable in RHS of binding: isZero; error: unbound free variable in RHS of binding: eq?; error: unbound free variable in RHS of binding: nthrec; syntax error: Invalid Lambda Expression
given nr       test  1, enicol01 failed -- We expected term "nth 3 phonetic-alphabet" to reduce to "nr@Delta", but using your definitions, it reduced to "nth (\f.\x.f (f (f x))) \n.\c.c nr@Alpha \n.\c.c nr@Bravo \n.\c.c nr@Charlie \n.\c.c nr@Delta \n.\c.c nr@Foxtrot \n.\c.c nr@Golf \n.\c.c nr@Hotel \n.\c.c nr@India \n.\c.c nr@Juliet \n.\c.c nr@Kilo \n.\c.n".
given nr       test  1, shaney02 passed
given nr       test  1, mmoute01 passed
given nr       test  1, apolya01 passed
given nr       test  2, wbutt01  errored -- Loading your lambda code triggered these errors: error: unbound free variable in RHS of binding: if
given nr       test  2, mgolds07 passed
given nr       test  2, dreif01  passed
given nr       test  2, graymo01 passed
given nr       test  2, ahamli02 passed
given nr       test  2, czuber01 diverged -- We expected term "nth 2 phonetic-alphabet" to reduce to "nr@Charlie", but your code diverged.
given nr       test  2, sratta01 diverged -- We expected term "nth 2 phonetic-alphabet" to reduce to "nr@Charlie", but your code diverged.
given nr       test  2, abell01  passed
given nr       test  2, cbrink   passed
given nr       test  2, ahay01   failed -- We expected term "nth 2 phonetic-alphabet" to reduce to "nr@Charlie", but using your definitions, it reduced to "nr@Alpha".
given nr       test  2, ewu02    errored -- Loading your lambda code triggered these errors: error: unbound free variable in RHS of binding: not; error: unbound free variable in RHS of binding: Z; error: unbound free variable in RHS of binding: R; syntax error: Invalid Lambda Expression
given nr       test  2, cgrama01 passed
given nr       test  2, ryagud01 passed
given nr       test  2, ccann    errored -- Loading your lambda code triggered these errors: syntax error: 'noreduce' is a reserved word
given nr       test  2, fteume01 failed -- We expected term "nth 2 phonetic-alphabet" to reduce to "nr@Charlie", but using your definitions, it reduced to "nth (\f.\x.f (f x)) \n.\c.c nr@Alpha \n.\c.c nr@Bravo \n.\c.c nr@Charlie \n.\c.c nr@Delta \n.\c.c nr@Foxtrot \n.\c.c nr@Golf \n.\c.c nr@Hotel \n.\c.c nr@India \n.\c.c nr@Juliet \n.\c.c nr@Kilo \n.\c.n".
given nr       test  2, ealter01 passed
given nr       test  2, jwilde01 passed
given nr       test  2, jliebo01 passed
given nr       test  2, mbulia01 failed -- We expected term "nth 2 phonetic-alphabet" to reduce to "nr@Charlie", but using your definitions, it reduced to "nth (\f.\x.f (f x)) \n.\c.c nr@Alpha \n.\c.c nr@Bravo \n.\c.c nr@Charlie \n.\c.c nr@Delta \n.\c.c nr@Foxtrot \n.\c.c nr@Golf \n.\c.c nr@Hotel \n.\c.c nr@India \n.\c.c nr@Juliet \n.\c.c nr@Kilo \n.\c.n".
given nr       test  2, bakasl01 passed
given nr       test  2, akuan01  failed -- We expected term "nth 2 phonetic-alphabet" to reduce to "nr@Charlie", but using your definitions, it reduced to "nr@Bravo".
given nr       test  2, malex    passed
given nr       test  2, ead36    passed
given nr       test  2, gbodwi01 passed
given nr       test  2, shalst01 passed
given nr       test  2, naiken02 passed
given nr       test  2, jlockw01 passed
given nr       test  2, dfortu01 passed
given nr       test  2, alevin01 failed -- We expected term "nth 2 phonetic-alphabet" to reduce to "nr@Charlie", but using your definitions, it reduced to "\c.c nr@Charlie \n.\c.c nr@Delta \n.\c.c nr@Foxtrot \n.\c.c nr@Golf \n.\c.c nr@Hotel \n.\c.c nr@India \n.\c.c nr@Juliet \n.\c.c nr@Kilo \n.\c.n".
given nr       test  2, clangb01 errored -- Loading your lambda code triggered these errors: error: unbound free variable in RHS of binding: nth
given nr       test  2, amcgla01 passed
given nr       test  2, jmonte03 passed
given nr       test  2, jglazi01 passed
given nr       test  2, akhaku01 passed
given nr       test  2, mborys01 errored -- Loading your lambda code triggered these errors: error: unbound free variable in RHS of binding: if
given nr       test  2, wholah01 passed
given nr       test  2, deder01  passed
given nr       test  2, mbfrey   passed
given nr       test  2, byukse01 passed
given nr       test  2, rstern03 passed
given nr       test  2, mnoble01 diverged -- We expected term "nth 2 phonetic-alphabet" to reduce to "nr@Charlie", but your code diverged.
given nr       test  2, csmith05 errored -- Loading your lambda code triggered these errors: error: unbound free variable in RHS of binding: isZero; error: unbound free variable in RHS of binding: eq?; error: unbound free variable in RHS of binding: nthrec; syntax error: Invalid Lambda Expression
given nr       test  2, enicol01 failed -- We expected term "nth 2 phonetic-alphabet" to reduce to "nr@Charlie", but using your definitions, it reduced to "nth (\f.\x.f (f x)) \n.\c.c nr@Alpha \n.\c.c nr@Bravo \n.\c.c nr@Charlie \n.\c.c nr@Delta \n.\c.c nr@Foxtrot \n.\c.c nr@Golf \n.\c.c nr@Hotel \n.\c.c nr@India \n.\c.c nr@Juliet \n.\c.c nr@Kilo \n.\c.n".
given nr       test  2, shaney02 passed
given nr       test  2, mmoute01 passed
given nr       test  2, apolya01 passed
given nr       test  3, wbutt01  errored -- Loading your lambda code triggered these errors: error: unbound free variable in RHS of binding: if
given nr       test  3, mgolds07 passed
given nr       test  3, dreif01  passed
given nr       test  3, graymo01 passed
given nr       test  3, ahamli02 passed
given nr       test  3, czuber01 diverged -- We expected term "nth 4 phonetic-alphabet" to reduce to "nr@Foxtrot", but your code diverged.
given nr       test  3, sratta01 diverged -- We expected term "nth 4 phonetic-alphabet" to reduce to "nr@Foxtrot", but your code diverged.
given nr       test  3, abell01  passed
given nr       test  3, cbrink   passed
given nr       test  3, ahay01   failed -- We expected term "nth 4 phonetic-alphabet" to reduce to "nr@Foxtrot", but using your definitions, it reduced to "nr@Alpha".
given nr       test  3, ewu02    errored -- Loading your lambda code triggered these errors: error: unbound free variable in RHS of binding: not; error: unbound free variable in RHS of binding: Z; error: unbound free variable in RHS of binding: R; syntax error: Invalid Lambda Expression
given nr       test  3, cgrama01 passed
given nr       test  3, ryagud01 passed
given nr       test  3, ccann    errored -- Loading your lambda code triggered these errors: syntax error: 'noreduce' is a reserved word
given nr       test  3, fteume01 failed -- We expected term "nth 4 phonetic-alphabet" to reduce to "nr@Foxtrot", but using your definitions, it reduced to "nth (\f.\x.f (f (f (f x)))) \n.\c.c nr@Alpha \n.\c.c nr@Bravo \n.\c.c nr@Charlie \n.\c.c nr@Delta \n.\c.c nr@Foxtrot \n.\c.c nr@Golf \n.\c.c nr@Hotel \n.\c.c nr@India \n.\c.c nr@Juliet \n.\c.c nr@Kilo \n.\c.n".
given nr       test  3, ealter01 passed
given nr       test  3, jwilde01 passed
given nr       test  3, jliebo01 passed
given nr       test  3, mbulia01 failed -- We expected term "nth 4 phonetic-alphabet" to reduce to "nr@Foxtrot", but using your definitions, it reduced to "nth (\f.\x.f (f (f (f x)))) \n.\c.c nr@Alpha \n.\c.c nr@Bravo \n.\c.c nr@Charlie \n.\c.c nr@Delta \n.\c.c nr@Foxtrot \n.\c.c nr@Golf \n.\c.c nr@Hotel \n.\c.c nr@India \n.\c.c nr@Juliet \n.\c.c nr@Kilo \n.\c.n".
given nr       test  3, bakasl01 passed
given nr       test  3, akuan01  failed -- We expected term "nth 4 phonetic-alphabet" to reduce to "nr@Foxtrot", but using your definitions, it reduced to "nr@Delta".
given nr       test  3, malex    passed
given nr       test  3, ead36    passed
given nr       test  3, gbodwi01 passed
given nr       test  3, shalst01 passed
given nr       test  3, naiken02 passed
given nr       test  3, jlockw01 passed
given nr       test  3, dfortu01 passed
given nr       test  3, alevin01 failed -- We expected term "nth 4 phonetic-alphabet" to reduce to "nr@Foxtrot", but using your definitions, it reduced to "\c.c nr@Foxtrot \n.\c.c nr@Golf \n.\c.c nr@Hotel \n.\c.c nr@India \n.\c.c nr@Juliet \n.\c.c nr@Kilo \n.\c.n".
given nr       test  3, clangb01 errored -- Loading your lambda code triggered these errors: error: unbound free variable in RHS of binding: nth
given nr       test  3, amcgla01 passed
given nr       test  3, jmonte03 passed
given nr       test  3, jglazi01 passed
given nr       test  3, akhaku01 passed
given nr       test  3, mborys01 errored -- Loading your lambda code triggered these errors: error: unbound free variable in RHS of binding: if
given nr       test  3, wholah01 passed
given nr       test  3, deder01  passed
given nr       test  3, mbfrey   passed
given nr       test  3, byukse01 passed
given nr       test  3, rstern03 passed
given nr       test  3, mnoble01 diverged -- We expected term "nth 4 phonetic-alphabet" to reduce to "nr@Foxtrot", but your code diverged.
given nr       test  3, csmith05 errored -- Loading your lambda code triggered these errors: error: unbound free variable in RHS of binding: isZero; error: unbound free variable in RHS of binding: eq?; error: unbound free variable in RHS of binding: nthrec; syntax error: Invalid Lambda Expression
given nr       test  3, enicol01 failed -- We expected term "nth 4 phonetic-alphabet" to reduce to "nr@Foxtrot", but using your definitions, it reduced to "nth (\f.\x.f (f (f (f x)))) \n.\c.c nr@Alpha \n.\c.c nr@Bravo \n.\c.c nr@Charlie \n.\c.c nr@Delta \n.\c.c nr@Foxtrot \n.\c.c nr@Golf \n.\c.c nr@Hotel \n.\c.c nr@India \n.\c.c nr@Juliet \n.\c.c nr@Kilo \n.\c.n".
given nr       test  3, shaney02 passed
given nr       test  3, mmoute01 passed
given nr       test  3, apolya01 passed
given nr       test  4, wbutt01  errored -- Loading your lambda code triggered these errors: error: unbound free variable in RHS of binding: if
given nr       test  4, mgolds07 passed
given nr       test  4, dreif01  passed
given nr       test  4, graymo01 passed
given nr       test  4, ahamli02 passed
given nr       test  4, czuber01 diverged -- We expected term "nth 1 phonetic-alphabet" to reduce to "nr@Bravo", but your code diverged.
given nr       test  4, sratta01 diverged -- We expected term "nth 1 phonetic-alphabet" to reduce to "nr@Bravo", but your code diverged.
given nr       test  4, abell01  passed
given nr       test  4, cbrink   passed
given nr       test  4, ahay01   failed -- We expected term "nth 1 phonetic-alphabet" to reduce to "nr@Bravo", but using your definitions, it reduced to "\n.\c.n".
given nr       test  4, ewu02    errored -- Loading your lambda code triggered these errors: error: unbound free variable in RHS of binding: not; error: unbound free variable in RHS of binding: Z; error: unbound free variable in RHS of binding: R; syntax error: Invalid Lambda Expression
given nr       test  4, cgrama01 passed
given nr       test  4, ryagud01 passed
given nr       test  4, ccann    errored -- Loading your lambda code triggered these errors: syntax error: 'noreduce' is a reserved word
given nr       test  4, fteume01 failed -- We expected term "nth 1 phonetic-alphabet" to reduce to "nr@Bravo", but using your definitions, it reduced to "nth (\f.f) \n.\c.c nr@Alpha \n.\c.c nr@Bravo \n.\c.c nr@Charlie \n.\c.c nr@Delta \n.\c.c nr@Foxtrot \n.\c.c nr@Golf \n.\c.c nr@Hotel \n.\c.c nr@India \n.\c.c nr@Juliet \n.\c.c nr@Kilo \n.\c.n".
given nr       test  4, ealter01 passed
given nr       test  4, jwilde01 passed
given nr       test  4, jliebo01 passed
given nr       test  4, mbulia01 failed -- We expected term "nth 1 phonetic-alphabet" to reduce to "nr@Bravo", but using your definitions, it reduced to "nth (\f.f) \n.\c.c nr@Alpha \n.\c.c nr@Bravo \n.\c.c nr@Charlie \n.\c.c nr@Delta \n.\c.c nr@Foxtrot \n.\c.c nr@Golf \n.\c.c nr@Hotel \n.\c.c nr@India \n.\c.c nr@Juliet \n.\c.c nr@Kilo \n.\c.n".
given nr       test  4, bakasl01 passed
given nr       test  4, akuan01  failed -- We expected term "nth 1 phonetic-alphabet" to reduce to "nr@Bravo", but using your definitions, it reduced to "nr@Alpha".
given nr       test  4, malex    passed
given nr       test  4, ead36    passed
given nr       test  4, gbodwi01 passed
given nr       test  4, shalst01 passed
given nr       test  4, naiken02 passed
given nr       test  4, jlockw01 passed
given nr       test  4, dfortu01 passed
given nr       test  4, alevin01 failed -- We expected term "nth 1 phonetic-alphabet" to reduce to "nr@Bravo", but using your definitions, it reduced to "\c.c nr@Bravo \n.\c.c nr@Charlie \n.\c.c nr@Delta \n.\c.c nr@Foxtrot \n.\c.c nr@Golf \n.\c.c nr@Hotel \n.\c.c nr@India \n.\c.c nr@Juliet \n.\c.c nr@Kilo \n.\c.n".
given nr       test  4, clangb01 errored -- Loading your lambda code triggered these errors: error: unbound free variable in RHS of binding: nth
given nr       test  4, amcgla01 passed
given nr       test  4, jmonte03 passed
given nr       test  4, jglazi01 passed
given nr       test  4, akhaku01 passed
given nr       test  4, mborys01 errored -- Loading your lambda code triggered these errors: error: unbound free variable in RHS of binding: if
given nr       test  4, wholah01 passed
given nr       test  4, deder01  passed
given nr       test  4, mbfrey   passed
given nr       test  4, byukse01 passed
given nr       test  4, rstern03 passed
given nr       test  4, mnoble01 diverged -- We expected term "nth 1 phonetic-alphabet" to reduce to "nr@Bravo", but your code diverged.
given nr       test  4, csmith05 errored -- Loading your lambda code triggered these errors: error: unbound free variable in RHS of binding: isZero; error: unbound free variable in RHS of binding: eq?; error: unbound free variable in RHS of binding: nthrec; syntax error: Invalid Lambda Expression
given nr       test  4, enicol01 failed -- We expected term "nth 1 phonetic-alphabet" to reduce to "nr@Bravo", but using your definitions, it reduced to "nth (\f.f) \n.\c.c nr@Alpha \n.\c.c nr@Bravo \n.\c.c nr@Charlie \n.\c.c nr@Delta \n.\c.c nr@Foxtrot \n.\c.c nr@Golf \n.\c.c nr@Hotel \n.\c.c nr@India \n.\c.c nr@Juliet \n.\c.c nr@Kilo \n.\c.n".
given nr       test  4, shaney02 passed
given nr       test  4, mmoute01 passed
given nr       test  4, apolya01 passed
given nr       test  5, wbutt01  errored -- Loading your lambda code triggered these errors: error: unbound free variable in RHS of binding: if
given nr       test  5, mgolds07 passed
given nr       test  5, dreif01  passed
given nr       test  5, graymo01 passed
given nr       test  5, ahamli02 passed
given nr       test  5, czuber01 diverged -- We expected term "nth 5 phonetic-alphabet" to reduce to "nr@Golf", but your code diverged.
given nr       test  5, sratta01 diverged -- We expected term "nth 5 phonetic-alphabet" to reduce to "nr@Golf", but your code diverged.
given nr       test  5, abell01  passed
given nr       test  5, cbrink   passed
given nr       test  5, ahay01   failed -- We expected term "nth 5 phonetic-alphabet" to reduce to "nr@Golf", but using your definitions, it reduced to "\n.\c.n".
given nr       test  5, ewu02    errored -- Loading your lambda code triggered these errors: error: unbound free variable in RHS of binding: not; error: unbound free variable in RHS of binding: Z; error: unbound free variable in RHS of binding: R; syntax error: Invalid Lambda Expression
given nr       test  5, cgrama01 passed
given nr       test  5, ryagud01 passed
given nr       test  5, ccann    errored -- Loading your lambda code triggered these errors: syntax error: 'noreduce' is a reserved word
given nr       test  5, fteume01 failed -- We expected term "nth 5 phonetic-alphabet" to reduce to "nr@Golf", but using your definitions, it reduced to "nth (\f.\x.f (f (f (f (f x))))) \n.\c.c nr@Alpha \n.\c.c nr@Bravo \n.\c.c nr@Charlie \n.\c.c nr@Delta \n.\c.c nr@Foxtrot \n.\c.c nr@Golf \n.\c.c nr@Hotel \n.\c.c nr@India \n.\c.c nr@Juliet \n.\c.c nr@Kilo \n.\c.n".
given nr       test  5, ealter01 passed
given nr       test  5, jwilde01 passed
given nr       test  5, jliebo01 passed
given nr       test  5, mbulia01 failed -- We expected term "nth 5 phonetic-alphabet" to reduce to "nr@Golf", but using your definitions, it reduced to "nth (\f.\x.f (f (f (f (f x))))) \n.\c.c nr@Alpha \n.\c.c nr@Bravo \n.\c.c nr@Charlie \n.\c.c nr@Delta \n.\c.c nr@Foxtrot \n.\c.c nr@Golf \n.\c.c nr@Hotel \n.\c.c nr@India \n.\c.c nr@Juliet \n.\c.c nr@Kilo \n.\c.n".
given nr       test  5, bakasl01 passed
given nr       test  5, akuan01  failed -- We expected term "nth 5 phonetic-alphabet" to reduce to "nr@Golf", but using your definitions, it reduced to "nr@Foxtrot".
given nr       test  5, malex    passed
given nr       test  5, ead36    passed
given nr       test  5, gbodwi01 passed
given nr       test  5, shalst01 passed
given nr       test  5, naiken02 passed
given nr       test  5, jlockw01 passed
given nr       test  5, dfortu01 passed
given nr       test  5, alevin01 failed -- We expected term "nth 5 phonetic-alphabet" to reduce to "nr@Golf", but using your definitions, it reduced to "\c.c nr@Golf \n.\c.c nr@Hotel \n.\c.c nr@India \n.\c.c nr@Juliet \n.\c.c nr@Kilo \n.\c.n".
given nr       test  5, clangb01 errored -- Loading your lambda code triggered these errors: error: unbound free variable in RHS of binding: nth
given nr       test  5, amcgla01 passed
given nr       test  5, jmonte03 passed
given nr       test  5, jglazi01 passed
given nr       test  5, akhaku01 passed
given nr       test  5, mborys01 errored -- Loading your lambda code triggered these errors: error: unbound free variable in RHS of binding: if
given nr       test  5, wholah01 passed
given nr       test  5, deder01  passed
given nr       test  5, mbfrey   passed
given nr       test  5, byukse01 passed
given nr       test  5, rstern03 passed
given nr       test  5, mnoble01 diverged -- We expected term "nth 5 phonetic-alphabet" to reduce to "nr@Golf", but your code diverged.
given nr       test  5, csmith05 errored -- Loading your lambda code triggered these errors: error: unbound free variable in RHS of binding: isZero; error: unbound free variable in RHS of binding: eq?; error: unbound free variable in RHS of binding: nthrec; syntax error: Invalid Lambda Expression
given nr       test  5, enicol01 failed -- We expected term "nth 5 phonetic-alphabet" to reduce to "nr@Golf", but using your definitions, it reduced to "nth (\f.\x.f (f (f (f (f x))))) \n.\c.c nr@Alpha \n.\c.c nr@Bravo \n.\c.c nr@Charlie \n.\c.c nr@Delta \n.\c.c nr@Foxtrot \n.\c.c nr@Golf \n.\c.c nr@Hotel \n.\c.c nr@India \n.\c.c nr@Juliet \n.\c.c nr@Kilo \n.\c.n".
given nr       test  5, shaney02 passed
given nr       test  5, mmoute01 passed
given nr       test  5, apolya01 passed
