given nr       test  1, hlin02   passed
given nr       test  1, zabram02 passed
given nr       test  1, gong01   passed
given nr       test  1, bjorda02 passed
given nr       test  1, jtan03   passed
given nr       test  1, jwelch01 passed
given nr       test  1, hnasar01 passed
given nr       test  1, sbidwe01 passed
given nr       test  1, mleise01 passed
given nr       test  1, dkass01  passed
given nr       test  1, npalmo01 passed
given nr       test  1, bsumne01 passed
given nr       test  1, jkenne05 passed
given nr       test  1, esalow01 passed
given nr       test  1, bkolta01 passed
given nr       test  1, asamps01 passed
given nr       test  1, kmcneely passed
given nr       test  1, jpearl05 passed
given nr       test  1, jbryan04 passed
given nr       test  1, ariley03 passed
given nr       test  1, mdarsn01 passed
given nr       test  1, rmonde01 passed
given nr       test  1, xzhang01 passed
given nr       test  1, mrusse03 passed
given nr       test  1, dreedy01 passed
given nr       test  1, drenfr01 passed
given nr       test  1, adreyf01 passed
given nr       test  1, tsoule01 passed
given nr       test  1, agallant passed
given nr       test  1, jkang09  passed
given nr       test  1, jwoold01 passed
given nr       test  1, dwhitn01 passed
given nr       test  1, sgardn04 passed
given nr       test  1, jaltre01 passed
given nr       test  1, nbugas01 passed
given nr       test  1, blarsen  passed
given nr       test  2, hlin02   passed
given nr       test  2, zabram02 passed
given nr       test  2, gong01   failed -- We expected term "divmod 5 5" to reduce to "PAIR (S Z) Z", but using your definitions, it reduced to "\x.x".
given nr       test  2, bjorda02 diverged -- We expected term "divmod 5 5" to reduce to "PAIR (S Z) Z", but your code diverged.
given nr       test  2, jtan03   passed
given nr       test  2, jwelch01 passed
given nr       test  2, hnasar01 failed -- We expected term "divmod 5 5" to reduce to "PAIR (S Z) Z", but using your definitions, it reduced to "divmod (\f.\x.f (f (f (f (f x))))) (\f.\x.f (f (f (f (f x))))) \x.\y.PAIR (x S Z) (y S Z)".
given nr       test  2, sbidwe01 passed
given nr       test  2, mleise01 passed
given nr       test  2, dkass01  passed
given nr       test  2, npalmo01 failed -- We expected term "divmod 5 5" to reduce to "PAIR (S Z) Z", but using your definitions, it reduced to "divmod (\f.\x.f (f (f (f (f x))))) (\f.\x.f (f (f (f (f x))))) \x.\y.PAIR (x S Z) (y S Z)".
given nr       test  2, bsumne01 passed
given nr       test  2, jkenne05 passed
given nr       test  2, esalow01 passed
given nr       test  2, bkolta01 passed
given nr       test  2, asamps01 passed
given nr       test  2, kmcneely failed -- We expected term "divmod 5 5" to reduce to "PAIR (S Z) Z", but using your definitions, it reduced to "PAIR Z (S (S (S (S (S Z)))))".
given nr       test  2, jpearl05 passed
given nr       test  2, jbryan04 failed -- We expected term "divmod 5 5" to reduce to "PAIR (S Z) Z", but using your definitions, it reduced to "divmod (\f.\x.f (f (f (f (f x))))) (\f.\x.f (f (f (f (f x))))) \x.\y.PAIR (x S Z) (y S Z)".
given nr       test  2, ariley03 passed
given nr       test  2, mdarsn01 diverged -- We expected term "divmod 5 5" to reduce to "PAIR (S Z) Z", but your code diverged.
given nr       test  2, rmonde01 passed
given nr       test  2, xzhang01 passed
given nr       test  2, mrusse03 passed
given nr       test  2, dreedy01 passed
given nr       test  2, drenfr01 errored -- Loading your lambda code triggered these errors: error: unbound free variable in RHS of binding: zero; error: unbound free variable in RHS of binding: Z; error: unbound free variable in RHS of binding: Z; error: unbound free variable in RHS of binding: R; syntax error: Invalid Lambda Expression
given nr       test  2, adreyf01 failed -- We expected term "divmod 5 5" to reduce to "PAIR (S Z) Z", but using your definitions, it reduced to "\f.f (\f.\x.f (PAIR (f S Z) (x S Z))) \f.\x.x".
given nr       test  2, tsoule01 passed
given nr       test  2, agallant passed
given nr       test  2, jkang09  failed -- We expected term "divmod 5 5" to reduce to "PAIR (S Z) Z", but using your definitions, it reduced to "\y.y".
given nr       test  2, jwoold01 errored -- Loading your lambda code triggered these errors: error: unbound free variable in RHS of binding: xFT; error: unbound free variable in RHS of binding: nPHI; error: unbound free variable in RHS of binding: YDMR; syntax error: Invalid Lambda Expression; syntax error: Invalid Lambda Expression; syntax error: Invalid Lambda Expression; syntax error: Invalid Lambda Expression; syntax error: Invalid Lambda Expression; syntax error: Invalid Lambda Expression; syntax error: Invalid Lambda Expression; syntax error: Invalid Lambda Expression; syntax error: Invalid Lambda Expression
given nr       test  2, dwhitn01 passed
given nr       test  2, sgardn04 failed -- We expected term "divmod 5 5" to reduce to "PAIR (S Z) Z", but using your definitions, it reduced to "\x.\y.PAIR (PAIR (PAIR (PAIR (PAIR (x S Z) (S S Z) Z) (S S Z) Z) (S S Z) Z) (S S Z) Z) (y S Z)".
given nr       test  2, jaltre01 failed -- We expected term "divmod 5 5" to reduce to "PAIR (S Z) Z", but using your definitions, it reduced to "divmod (\f.\x.f (f (f (f (f x))))) (\f.\x.f (f (f (f (f x))))) \x.\y.PAIR (x S Z) (y S Z)".
given nr       test  2, nbugas01 passed
given nr       test  2, blarsen  passed
given nr       test  3, hlin02   passed
given nr       test  3, zabram02 passed
given nr       test  3, gong01   passed
given nr       test  3, bjorda02 failed -- We expected term "pred (succ 5)" to reduce to "S (S (S (S (S Z))))", but using your definitions, it reduced to "S (S (S (S (S (S \z.z (\x.\y.y) \x.\y.x)))))".
given nr       test  3, jtan03   passed
given nr       test  3, jwelch01 passed
given nr       test  3, hnasar01 failed -- We expected term "pred (succ 5)" to reduce to "S (S (S (S (S Z))))", but using your definitions, it reduced to "\x.Z (S Z x) \w.\y.\x.y (w y x) \w.\y.\x.y (w y x) \w.\y.\x.y (w y x) \w.\y.\x.y (w y x) \y.\s.\z.z \s.\z.z".
given nr       test  3, sbidwe01 passed
given nr       test  3, mleise01 passed
given nr       test  3, dkass01  passed
given nr       test  3, npalmo01 failed -- We expected term "pred (succ 5)" to reduce to "S (S (S (S (S Z))))", but using your definitions, it reduced to "S (\m.\f.f (\z.z (\f.\x.x) \f.\x.x) \m.\f.f (\x.x) \z.z (\f.\x.x) \f.\x.x) (\m.\f.f (\f.f (\x.x) \z.z (\f.\x.x) \f.\x.x) \m.\f.f (\m.\f.f (\x.x) \z.z (\f.\x.x) \f.\x.x) \m.\f.f (\z.z (\f.\x.x) \f.\x.x) \m.\f.f (\z.z (\f.\x.x) \f.\x.x) \m.\f.f (\x.x) \z.z (\f.\x.x) \f.\x.x) Z".
given nr       test  3, bsumne01 passed
given nr       test  3, jkenne05 failed -- We expected term "pred (succ 5)" to reduce to "S (S (S (S (S Z))))", but using your definitions, it reduced to "S (\f.\x.f (f (f (f x)))) \f.\x.f (f (f x))".
given nr       test  3, esalow01 passed
given nr       test  3, bkolta01 passed
given nr       test  3, asamps01 passed
given nr       test  3, kmcneely passed
given nr       test  3, jpearl05 passed
given nr       test  3, jbryan04 failed -- We expected term "pred (succ 5)" to reduce to "S (S (S (S (S Z))))", but using your definitions, it reduced to "pred (\f.\x.f (f (f (f (f (f x)))))) S Z".
given nr       test  3, ariley03 passed
given nr       test  3, mdarsn01 passed
given nr       test  3, rmonde01 passed
given nr       test  3, xzhang01 passed
given nr       test  3, mrusse03 passed
given nr       test  3, dreedy01 failed -- We expected term "pred (succ 5)" to reduce to "S (S (S (S (S Z))))", but using your definitions, it reduced to "S (\f.\x.f (f (f (f x)))) \f.\x.f (f (f x))".
given nr       test  3, drenfr01 errored -- Loading your lambda code triggered these errors: error: unbound free variable in RHS of binding: zero; error: unbound free variable in RHS of binding: Z; error: unbound free variable in RHS of binding: Z; error: unbound free variable in RHS of binding: R; syntax error: Invalid Lambda Expression
given nr       test  3, adreyf01 passed
given nr       test  3, tsoule01 passed
given nr       test  3, agallant passed
given nr       test  3, jkang09  failed -- We expected term "pred (succ 5)" to reduce to "S (S (S (S (S Z))))", but using your definitions, it reduced to "\f.\x.f (f (f (f (f x))))".
given nr       test  3, jwoold01 errored -- Loading your lambda code triggered these errors: error: unbound free variable in RHS of binding: xFT; error: unbound free variable in RHS of binding: nPHI; error: unbound free variable in RHS of binding: YDMR; syntax error: Invalid Lambda Expression; syntax error: Invalid Lambda Expression; syntax error: Invalid Lambda Expression; syntax error: Invalid Lambda Expression; syntax error: Invalid Lambda Expression; syntax error: Invalid Lambda Expression; syntax error: Invalid Lambda Expression; syntax error: Invalid Lambda Expression; syntax error: Invalid Lambda Expression
given nr       test  3, dwhitn01 passed
given nr       test  3, sgardn04 failed -- We expected term "pred (succ 5)" to reduce to "S (S (S (S (S Z))))", but using your definitions, it reduced to "\f.\l1.f (f (f (f (f l1))))".
given nr       test  3, jaltre01 passed
given nr       test  3, nbugas01 passed
given nr       test  3, blarsen  passed
given nr       test  4, hlin02   passed
given nr       test  4, zabram02 passed
given nr       test  4, gong01   passed
given nr       test  4, bjorda02 failed -- We expected term "eq 5 5" to reduce to "T", but using your definitions, it reduced to "F".
given nr       test  4, jtan03   passed
given nr       test  4, jwelch01 passed
given nr       test  4, hnasar01 failed -- We expected term "eq 5 5" to reduce to "T", but using your definitions, it reduced to "eq (\f.\x.f (f (f (f (f x))))) (\f.\x.f (f (f (f (f x))))) T F".
given nr       test  4, sbidwe01 passed
given nr       test  4, mleise01 passed
given nr       test  4, dkass01  passed
given nr       test  4, npalmo01 failed -- We expected term "eq 5 5" to reduce to "T", but using your definitions, it reduced to "F".
given nr       test  4, bsumne01 passed
given nr       test  4, jkenne05 passed
given nr       test  4, esalow01 passed
given nr       test  4, bkolta01 passed
given nr       test  4, asamps01 passed
given nr       test  4, kmcneely passed
given nr       test  4, jpearl05 passed
given nr       test  4, jbryan04 failed -- We expected term "eq 5 5" to reduce to "T", but using your definitions, it reduced to "eq (\f.\x.f (f (f (f (f x))))) (\f.\x.f (f (f (f (f x))))) T F".
given nr       test  4, ariley03 passed
given nr       test  4, mdarsn01 failed -- We expected term "eq 5 5" to reduce to "T", but using your definitions, it reduced to "F".
given nr       test  4, rmonde01 passed
given nr       test  4, xzhang01 passed
given nr       test  4, mrusse03 passed
given nr       test  4, dreedy01 passed
given nr       test  4, drenfr01 errored -- Loading your lambda code triggered these errors: error: unbound free variable in RHS of binding: zero; error: unbound free variable in RHS of binding: Z; error: unbound free variable in RHS of binding: Z; error: unbound free variable in RHS of binding: R; syntax error: Invalid Lambda Expression
given nr       test  4, adreyf01 passed
given nr       test  4, tsoule01 passed
given nr       test  4, agallant passed
given nr       test  4, jkang09  failed -- We expected term "eq 5 5" to reduce to "T", but using your definitions, it reduced to "T F".
given nr       test  4, jwoold01 errored -- Loading your lambda code triggered these errors: error: unbound free variable in RHS of binding: xFT; error: unbound free variable in RHS of binding: nPHI; error: unbound free variable in RHS of binding: YDMR; syntax error: Invalid Lambda Expression; syntax error: Invalid Lambda Expression; syntax error: Invalid Lambda Expression; syntax error: Invalid Lambda Expression; syntax error: Invalid Lambda Expression; syntax error: Invalid Lambda Expression; syntax error: Invalid Lambda Expression; syntax error: Invalid Lambda Expression; syntax error: Invalid Lambda Expression
given nr       test  4, dwhitn01 passed
given nr       test  4, sgardn04 failed -- We expected term "eq 5 5" to reduce to "T", but using your definitions, it reduced to "T (\y.y) F".
given nr       test  4, jaltre01 passed
given nr       test  4, nbugas01 passed
given nr       test  4, blarsen  passed
given nr       test  5, hlin02   passed
given nr       test  5, zabram02 passed
given nr       test  5, gong01   passed
given nr       test  5, bjorda02 passed
given nr       test  5, jtan03   passed
given nr       test  5, jwelch01 passed
given nr       test  5, hnasar01 failed -- We expected term "eq 5 6" to reduce to "F", but using your definitions, it reduced to "eq (\f.\x.f (f (f (f (f x))))) (\f.\x.f (f (f (f (f (f x)))))) T F".
given nr       test  5, sbidwe01 passed
given nr       test  5, mleise01 passed
given nr       test  5, dkass01  passed
given nr       test  5, npalmo01 passed
given nr       test  5, bsumne01 passed
given nr       test  5, jkenne05 passed
given nr       test  5, esalow01 passed
given nr       test  5, bkolta01 passed
given nr       test  5, asamps01 passed
given nr       test  5, kmcneely passed
given nr       test  5, jpearl05 passed
given nr       test  5, jbryan04 failed -- We expected term "eq 5 6" to reduce to "F", but using your definitions, it reduced to "eq (\f.\x.f (f (f (f (f x))))) (\f.\x.f (f (f (f (f (f x)))))) T F".
given nr       test  5, ariley03 passed
given nr       test  5, mdarsn01 failed -- We expected term "eq 5 6" to reduce to "F", but using your definitions, it reduced to "T F".
given nr       test  5, rmonde01 passed
given nr       test  5, xzhang01 failed -- We expected term "eq 5 6" to reduce to "F", but using your definitions, it reduced to "T".
given nr       test  5, mrusse03 passed
given nr       test  5, dreedy01 passed
given nr       test  5, drenfr01 errored -- Loading your lambda code triggered these errors: error: unbound free variable in RHS of binding: zero; error: unbound free variable in RHS of binding: Z; error: unbound free variable in RHS of binding: Z; error: unbound free variable in RHS of binding: R; syntax error: Invalid Lambda Expression
given nr       test  5, adreyf01 passed
given nr       test  5, tsoule01 passed
given nr       test  5, agallant passed
given nr       test  5, jkang09  failed -- We expected term "eq 5 6" to reduce to "F", but using your definitions, it reduced to "T F".
given nr       test  5, jwoold01 errored -- Loading your lambda code triggered these errors: error: unbound free variable in RHS of binding: xFT; error: unbound free variable in RHS of binding: nPHI; error: unbound free variable in RHS of binding: YDMR; syntax error: Invalid Lambda Expression; syntax error: Invalid Lambda Expression; syntax error: Invalid Lambda Expression; syntax error: Invalid Lambda Expression; syntax error: Invalid Lambda Expression; syntax error: Invalid Lambda Expression; syntax error: Invalid Lambda Expression; syntax error: Invalid Lambda Expression; syntax error: Invalid Lambda Expression
given nr       test  5, dwhitn01 passed
given nr       test  5, sgardn04 failed -- We expected term "eq 5 6" to reduce to "F", but using your definitions, it reduced to "\y.y".
given nr       test  5, jaltre01 passed
given nr       test  5, nbugas01 passed
given nr       test  5, blarsen  passed
given nr       test  6, hlin02   passed
given nr       test  6, zabram02 passed
given nr       test  6, gong01   failed -- We expected term "divmod 5 2" to reduce to "PAIR (S (S Z)) (S Z)", but using your definitions, it reduced to "\x.x".
given nr       test  6, bjorda02 diverged -- We expected term "divmod 5 2" to reduce to "PAIR (S (S Z)) (S Z)", but your code diverged.
given nr       test  6, jtan03   passed
given nr       test  6, jwelch01 passed
given nr       test  6, hnasar01 failed -- We expected term "divmod 5 2" to reduce to "PAIR (S (S Z)) (S Z)", but using your definitions, it reduced to "divmod (\f.\x.f (f (f (f (f x))))) (\f.\x.f (f x)) \x.\y.PAIR (x S Z) (y S Z)".
given nr       test  6, sbidwe01 passed
given nr       test  6, mleise01 passed
given nr       test  6, dkass01  passed
given nr       test  6, npalmo01 failed -- We expected term "divmod 5 2" to reduce to "PAIR (S (S Z)) (S Z)", but using your definitions, it reduced to "divmod (\f.\x.f (f (f (f (f x))))) (\f.\x.f (f x)) \x.\y.PAIR (x S Z) (y S Z)".
given nr       test  6, bsumne01 passed
given nr       test  6, jkenne05 failed -- We expected term "divmod 5 2" to reduce to "PAIR (S (S Z)) (S Z)", but using your definitions, it reduced to "PAIR (S Z) (S (S (S (S (S Z)))))".
given nr       test  6, esalow01 passed
given nr       test  6, bkolta01 passed
given nr       test  6, asamps01 passed
given nr       test  6, kmcneely failed -- We expected term "divmod 5 2" to reduce to "PAIR (S (S Z)) (S Z)", but using your definitions, it reduced to "PAIR (S (S Z)) (S (S Z))".
given nr       test  6, jpearl05 passed
given nr       test  6, jbryan04 failed -- We expected term "divmod 5 2" to reduce to "PAIR (S (S Z)) (S Z)", but using your definitions, it reduced to "divmod (\f.\x.f (f (f (f (f x))))) (\f.\x.f (f x)) \x.\y.PAIR (x S Z) (y S Z)".
given nr       test  6, ariley03 passed
given nr       test  6, mdarsn01 failed -- We expected term "divmod 5 2" to reduce to "PAIR (S (S Z)) (S Z)", but using your definitions, it reduced to "\x.\y.y".
given nr       test  6, rmonde01 passed
given nr       test  6, xzhang01 passed
given nr       test  6, mrusse03 passed
given nr       test  6, dreedy01 failed -- We expected term "divmod 5 2" to reduce to "PAIR (S (S Z)) (S Z)", but using your definitions, it reduced to "PAIR (S Z) (S (S (S (S (S Z)))))".
given nr       test  6, drenfr01 errored -- Loading your lambda code triggered these errors: error: unbound free variable in RHS of binding: zero; error: unbound free variable in RHS of binding: Z; error: unbound free variable in RHS of binding: Z; error: unbound free variable in RHS of binding: R; syntax error: Invalid Lambda Expression
given nr       test  6, adreyf01 failed -- We expected term "divmod 5 2" to reduce to "PAIR (S (S Z)) (S Z)", but using your definitions, it reduced to "\f.f (\f.\x.f (f (f (PAIR (f S Z) (x S Z))))) \f.f".
given nr       test  6, tsoule01 passed
given nr       test  6, agallant passed
given nr       test  6, jkang09  diverged -- We expected term "divmod 5 2" to reduce to "PAIR (S (S Z)) (S Z)", but your code diverged.
given nr       test  6, jwoold01 errored -- Loading your lambda code triggered these errors: error: unbound free variable in RHS of binding: xFT; error: unbound free variable in RHS of binding: nPHI; error: unbound free variable in RHS of binding: YDMR; syntax error: Invalid Lambda Expression; syntax error: Invalid Lambda Expression; syntax error: Invalid Lambda Expression; syntax error: Invalid Lambda Expression; syntax error: Invalid Lambda Expression; syntax error: Invalid Lambda Expression; syntax error: Invalid Lambda Expression; syntax error: Invalid Lambda Expression; syntax error: Invalid Lambda Expression
given nr       test  6, dwhitn01 passed
given nr       test  6, sgardn04 failed -- We expected term "divmod 5 2" to reduce to "PAIR (S (S Z)) (S Z)", but using your definitions, it reduced to "\x.\y.PAIR (PAIR (PAIR (PAIR (PAIR (x S Z) (S S Z) Z) (S S Z) Z) (S S Z) Z) (S S Z) Z) (y S Z)".
given nr       test  6, jaltre01 failed -- We expected term "divmod 5 2" to reduce to "PAIR (S (S Z)) (S Z)", but using your definitions, it reduced to "divmod (\f.\x.f (f (f (f (f x))))) (\f.\x.f (f x)) \x.\y.PAIR (x S Z) (y S Z)".
given nr       test  6, nbugas01 passed
given nr       test  6, blarsen  passed
given nr       test  7, hlin02   passed
given nr       test  7, zabram02 passed
given nr       test  7, gong01   failed -- We expected term "divmod 5 3" to reduce to "PAIR (S Z) (S (S Z))", but using your definitions, it reduced to "\x.x".
given nr       test  7, bjorda02 diverged -- We expected term "divmod 5 3" to reduce to "PAIR (S Z) (S (S Z))", but your code diverged.
given nr       test  7, jtan03   passed
given nr       test  7, jwelch01 passed
given nr       test  7, hnasar01 failed -- We expected term "divmod 5 3" to reduce to "PAIR (S Z) (S (S Z))", but using your definitions, it reduced to "divmod (\f.\x.f (f (f (f (f x))))) (\f.\x.f (f (f x))) \x.\y.PAIR (x S Z) (y S Z)".
given nr       test  7, sbidwe01 passed
given nr       test  7, mleise01 passed
given nr       test  7, dkass01  passed
given nr       test  7, npalmo01 failed -- We expected term "divmod 5 3" to reduce to "PAIR (S Z) (S (S Z))", but using your definitions, it reduced to "divmod (\f.\x.f (f (f (f (f x))))) (\f.\x.f (f (f x))) \x.\y.PAIR (x S Z) (y S Z)".
given nr       test  7, bsumne01 passed
given nr       test  7, jkenne05 failed -- We expected term "divmod 5 3" to reduce to "PAIR (S Z) (S (S Z))", but using your definitions, it reduced to "PAIR (S Z) Z".
given nr       test  7, esalow01 passed
given nr       test  7, bkolta01 passed
given nr       test  7, asamps01 passed
given nr       test  7, kmcneely failed -- We expected term "divmod 5 3" to reduce to "PAIR (S Z) (S (S Z))", but using your definitions, it reduced to "PAIR (S Z) (S (S (S Z)))".
given nr       test  7, jpearl05 passed
given nr       test  7, jbryan04 failed -- We expected term "divmod 5 3" to reduce to "PAIR (S Z) (S (S Z))", but using your definitions, it reduced to "divmod (\f.\x.f (f (f (f (f x))))) (\f.\x.f (f (f x))) \x.\y.PAIR (x S Z) (y S Z)".
given nr       test  7, ariley03 passed
given nr       test  7, mdarsn01 failed -- We expected term "divmod 5 3" to reduce to "PAIR (S Z) (S (S Z))", but using your definitions, it reduced to "\y.y".
given nr       test  7, rmonde01 passed
given nr       test  7, xzhang01 passed
given nr       test  7, mrusse03 passed
given nr       test  7, dreedy01 failed -- We expected term "divmod 5 3" to reduce to "PAIR (S Z) (S (S Z))", but using your definitions, it reduced to "PAIR (S Z) Z".
given nr       test  7, drenfr01 errored -- Loading your lambda code triggered these errors: error: unbound free variable in RHS of binding: zero; error: unbound free variable in RHS of binding: Z; error: unbound free variable in RHS of binding: Z; error: unbound free variable in RHS of binding: R; syntax error: Invalid Lambda Expression
given nr       test  7, adreyf01 failed -- We expected term "divmod 5 3" to reduce to "PAIR (S Z) (S (S Z))", but using your definitions, it reduced to "\f.f (\f.\x.f (f (PAIR (f S Z) (x S Z)))) \f.f".
given nr       test  7, tsoule01 passed
given nr       test  7, agallant passed
given nr       test  7, jkang09  failed -- We expected term "divmod 5 3" to reduce to "PAIR (S Z) (S (S Z))", but using your definitions, it reduced to "\y.y".
given nr       test  7, jwoold01 errored -- Loading your lambda code triggered these errors: error: unbound free variable in RHS of binding: xFT; error: unbound free variable in RHS of binding: nPHI; error: unbound free variable in RHS of binding: YDMR; syntax error: Invalid Lambda Expression; syntax error: Invalid Lambda Expression; syntax error: Invalid Lambda Expression; syntax error: Invalid Lambda Expression; syntax error: Invalid Lambda Expression; syntax error: Invalid Lambda Expression; syntax error: Invalid Lambda Expression; syntax error: Invalid Lambda Expression; syntax error: Invalid Lambda Expression
given nr       test  7, dwhitn01 passed
given nr       test  7, sgardn04 failed -- We expected term "divmod 5 3" to reduce to "PAIR (S Z) (S (S Z))", but using your definitions, it reduced to "\x.\y.PAIR (PAIR (PAIR (PAIR (PAIR (x S Z) (S S Z) Z) (S S Z) Z) (S S Z) Z) (S S Z) Z) (y S Z)".
given nr       test  7, jaltre01 failed -- We expected term "divmod 5 3" to reduce to "PAIR (S Z) (S (S Z))", but using your definitions, it reduced to "divmod (\f.\x.f (f (f (f (f x))))) (\f.\x.f (f (f x))) \x.\y.PAIR (x S Z) (y S Z)".
given nr       test  7, nbugas01 passed
given nr       test  7, blarsen  passed
given nr       test  8, hlin02   passed
given nr       test  8, zabram02 passed
given nr       test  8, gong01   failed -- We expected term "divmod 5 1" to reduce to "PAIR (S (S (S (S (S Z))))) Z", but using your definitions, it reduced to "\x.x".
given nr       test  8, bjorda02 diverged -- We expected term "divmod 5 1" to reduce to "PAIR (S (S (S (S (S Z))))) Z", but your code diverged.
given nr       test  8, jtan03   diverged -- We expected term "divmod 5 1" to reduce to "PAIR (S (S (S (S (S Z))))) Z", but your code diverged.
given nr       test  8, jwelch01 passed
given nr       test  8, hnasar01 failed -- We expected term "divmod 5 1" to reduce to "PAIR (S (S (S (S (S Z))))) Z", but using your definitions, it reduced to "divmod (\f.\x.f (f (f (f (f x))))) (\f.f) \x.\y.PAIR (x S Z) (y S Z)".
given nr       test  8, sbidwe01 passed
given nr       test  8, mleise01 passed
given nr       test  8, dkass01  passed
given nr       test  8, npalmo01 failed -- We expected term "divmod 5 1" to reduce to "PAIR (S (S (S (S (S Z))))) Z", but using your definitions, it reduced to "divmod (\f.\x.f (f (f (f (f x))))) (\f.f) \x.\y.PAIR (x S Z) (y S Z)".
given nr       test  8, bsumne01 passed
given nr       test  8, jkenne05 failed -- We expected term "divmod 5 1" to reduce to "PAIR (S (S (S (S (S Z))))) Z", but using your definitions, it reduced to "PAIR (S (S Z)) \x.Z (Z x)".
given nr       test  8, esalow01 passed
given nr       test  8, bkolta01 passed
given nr       test  8, asamps01 passed
given nr       test  8, kmcneely failed -- We expected term "divmod 5 1" to reduce to "PAIR (S (S (S (S (S Z))))) Z", but using your definitions, it reduced to "PAIR (S (S (S (S Z)))) (S Z)".
given nr       test  8, jpearl05 passed
given nr       test  8, jbryan04 failed -- We expected term "divmod 5 1" to reduce to "PAIR (S (S (S (S (S Z))))) Z", but using your definitions, it reduced to "divmod (\f.\x.f (f (f (f (f x))))) (\f.f) \x.\y.PAIR (x S Z) (y S Z)".
given nr       test  8, ariley03 passed
given nr       test  8, mdarsn01 failed -- We expected term "divmod 5 1" to reduce to "PAIR (S (S (S (S (S Z))))) Z", but using your definitions, it reduced to "\y.\x.\y.y".
given nr       test  8, rmonde01 passed
given nr       test  8, xzhang01 passed
given nr       test  8, mrusse03 passed
given nr       test  8, dreedy01 failed -- We expected term "divmod 5 1" to reduce to "PAIR (S (S (S (S (S Z))))) Z", but using your definitions, it reduced to "PAIR (S (S Z)) (S (\f.\x.f (f x)) \f.f)".
given nr       test  8, drenfr01 errored -- Loading your lambda code triggered these errors: error: unbound free variable in RHS of binding: zero; error: unbound free variable in RHS of binding: Z; error: unbound free variable in RHS of binding: Z; error: unbound free variable in RHS of binding: R; syntax error: Invalid Lambda Expression
given nr       test  8, adreyf01 failed -- We expected term "divmod 5 1" to reduce to "PAIR (S (S (S (S (S Z))))) Z", but using your definitions, it reduced to "\f.f (\f.\x.f (f (f (f (f (PAIR (f S Z) (x S Z))))))) \f.\x.x".
given nr       test  8, tsoule01 passed
given nr       test  8, agallant passed
given nr       test  8, jkang09  failed -- We expected term "divmod 5 1" to reduce to "PAIR (S (S (S (S (S Z))))) Z", but using your definitions, it reduced to "PAIR Z (S (S (S (S (S Z)))))".
given nr       test  8, jwoold01 errored -- Loading your lambda code triggered these errors: error: unbound free variable in RHS of binding: xFT; error: unbound free variable in RHS of binding: nPHI; error: unbound free variable in RHS of binding: YDMR; syntax error: Invalid Lambda Expression; syntax error: Invalid Lambda Expression; syntax error: Invalid Lambda Expression; syntax error: Invalid Lambda Expression; syntax error: Invalid Lambda Expression; syntax error: Invalid Lambda Expression; syntax error: Invalid Lambda Expression; syntax error: Invalid Lambda Expression; syntax error: Invalid Lambda Expression
given nr       test  8, dwhitn01 passed
given nr       test  8, sgardn04 failed -- We expected term "divmod 5 1" to reduce to "PAIR (S (S (S (S (S Z))))) Z", but using your definitions, it reduced to "PAIR Z (S (S (S (S (S Z)))))".
given nr       test  8, jaltre01 failed -- We expected term "divmod 5 1" to reduce to "PAIR (S (S (S (S (S Z))))) Z", but using your definitions, it reduced to "divmod (\f.\x.f (f (f (f (f x))))) (\f.f) \x.\y.PAIR (x S Z) (y S Z)".
given nr       test  8, nbugas01 passed
given nr       test  8, blarsen  passed
given nr       test  9, hlin02   passed
given nr       test  9, zabram02 passed
given nr       test  9, gong01   failed -- We expected term "divmod 3 3" to reduce to "PAIR (S Z) Z", but using your definitions, it reduced to "\x.x".
given nr       test  9, bjorda02 diverged -- We expected term "divmod 3 3" to reduce to "PAIR (S Z) Z", but your code diverged.
given nr       test  9, jtan03   passed
given nr       test  9, jwelch01 passed
given nr       test  9, hnasar01 failed -- We expected term "divmod 3 3" to reduce to "PAIR (S Z) Z", but using your definitions, it reduced to "divmod (\f.\x.f (f (f x))) (\f.\x.f (f (f x))) \x.\y.PAIR (x S Z) (y S Z)".
given nr       test  9, sbidwe01 passed
given nr       test  9, mleise01 passed
given nr       test  9, dkass01  passed
given nr       test  9, npalmo01 failed -- We expected term "divmod 3 3" to reduce to "PAIR (S Z) Z", but using your definitions, it reduced to "divmod (\f.\x.f (f (f x))) (\f.\x.f (f (f x))) \x.\y.PAIR (x S Z) (y S Z)".
given nr       test  9, bsumne01 passed
given nr       test  9, jkenne05 passed
given nr       test  9, esalow01 passed
given nr       test  9, bkolta01 passed
given nr       test  9, asamps01 passed
given nr       test  9, kmcneely failed -- We expected term "divmod 3 3" to reduce to "PAIR (S Z) Z", but using your definitions, it reduced to "PAIR Z (S (S (S Z)))".
given nr       test  9, jpearl05 passed
given nr       test  9, jbryan04 failed -- We expected term "divmod 3 3" to reduce to "PAIR (S Z) Z", but using your definitions, it reduced to "divmod (\f.\x.f (f (f x))) (\f.\x.f (f (f x))) \x.\y.PAIR (x S Z) (y S Z)".
given nr       test  9, ariley03 passed
given nr       test  9, mdarsn01 diverged -- We expected term "divmod 3 3" to reduce to "PAIR (S Z) Z", but your code diverged.
given nr       test  9, rmonde01 passed
given nr       test  9, xzhang01 passed
given nr       test  9, mrusse03 passed
given nr       test  9, dreedy01 passed
given nr       test  9, drenfr01 errored -- Loading your lambda code triggered these errors: error: unbound free variable in RHS of binding: zero; error: unbound free variable in RHS of binding: Z; error: unbound free variable in RHS of binding: Z; error: unbound free variable in RHS of binding: R; syntax error: Invalid Lambda Expression
given nr       test  9, adreyf01 failed -- We expected term "divmod 3 3" to reduce to "PAIR (S Z) Z", but using your definitions, it reduced to "\f.f (\f.\x.f (PAIR (f S Z) (x S Z))) \f.\x.x".
given nr       test  9, tsoule01 passed
given nr       test  9, agallant passed
given nr       test  9, jkang09  failed -- We expected term "divmod 3 3" to reduce to "PAIR (S Z) Z", but using your definitions, it reduced to "\y.y".
given nr       test  9, jwoold01 errored -- Loading your lambda code triggered these errors: error: unbound free variable in RHS of binding: xFT; error: unbound free variable in RHS of binding: nPHI; error: unbound free variable in RHS of binding: YDMR; syntax error: Invalid Lambda Expression; syntax error: Invalid Lambda Expression; syntax error: Invalid Lambda Expression; syntax error: Invalid Lambda Expression; syntax error: Invalid Lambda Expression; syntax error: Invalid Lambda Expression; syntax error: Invalid Lambda Expression; syntax error: Invalid Lambda Expression; syntax error: Invalid Lambda Expression
given nr       test  9, dwhitn01 passed
given nr       test  9, sgardn04 failed -- We expected term "divmod 3 3" to reduce to "PAIR (S Z) Z", but using your definitions, it reduced to "\x.\y.PAIR (PAIR (PAIR (x S Z) (S S Z) Z) (S S Z) Z) (y S Z)".
given nr       test  9, jaltre01 failed -- We expected term "divmod 3 3" to reduce to "PAIR (S Z) Z", but using your definitions, it reduced to "divmod (\f.\x.f (f (f x))) (\f.\x.f (f (f x))) \x.\y.PAIR (x S Z) (y S Z)".
given nr       test  9, nbugas01 passed
given nr       test  9, blarsen  passed
given nr       test 10, hlin02   passed
given nr       test 10, zabram02 passed
given nr       test 10, gong01   passed
given nr       test 10, bjorda02 failed -- We expected term "pred (succ 3)" to reduce to "S (S (S Z))", but using your definitions, it reduced to "S (S (S (S \z.z (\x.\y.y) \x.\y.x)))".
given nr       test 10, jtan03   passed
given nr       test 10, jwelch01 passed
given nr       test 10, hnasar01 failed -- We expected term "pred (succ 3)" to reduce to "S (S (S Z))", but using your definitions, it reduced to "\x.Z (S Z x) \w.\y.\x.y (w y x) \w.\y.\x.y (w y x) \y.\s.\z.z \s.\z.z".
given nr       test 10, sbidwe01 passed
given nr       test 10, mleise01 passed
given nr       test 10, dkass01  passed
given nr       test 10, npalmo01 failed -- We expected term "pred (succ 3)" to reduce to "S (S (S Z))", but using your definitions, it reduced to "S (\m.\f.f (\x.x) \z.z (\f.\x.x) \f.\x.x) (\m.\f.f (\z.z (\f.\x.x) \f.\x.x) \m.\f.f (\z.z (\f.\x.x) \f.\x.x) \m.\f.f (\x.x) \z.z (\f.\x.x) \f.\x.x) Z".
given nr       test 10, bsumne01 passed
given nr       test 10, jkenne05 failed -- We expected term "pred (succ 3)" to reduce to "S (S (S Z))", but using your definitions, it reduced to "S (\f.\x.f (f (f x))) \f.\x.f (f x)".
given nr       test 10, esalow01 passed
given nr       test 10, bkolta01 passed
given nr       test 10, asamps01 passed
given nr       test 10, kmcneely passed
given nr       test 10, jpearl05 passed
given nr       test 10, jbryan04 failed -- We expected term "pred (succ 3)" to reduce to "S (S (S Z))", but using your definitions, it reduced to "pred (\f.\x.f (f (f (f x)))) S Z".
given nr       test 10, ariley03 passed
given nr       test 10, mdarsn01 passed
given nr       test 10, rmonde01 passed
given nr       test 10, xzhang01 passed
given nr       test 10, mrusse03 passed
given nr       test 10, dreedy01 failed -- We expected term "pred (succ 3)" to reduce to "S (S (S Z))", but using your definitions, it reduced to "S (\f.\x.f (f (f x))) \f.\x.f (f x)".
given nr       test 10, drenfr01 errored -- Loading your lambda code triggered these errors: error: unbound free variable in RHS of binding: zero; error: unbound free variable in RHS of binding: Z; error: unbound free variable in RHS of binding: Z; error: unbound free variable in RHS of binding: R; syntax error: Invalid Lambda Expression
given nr       test 10, adreyf01 passed
given nr       test 10, tsoule01 passed
given nr       test 10, agallant passed
given nr       test 10, jkang09  failed -- We expected term "pred (succ 3)" to reduce to "S (S (S Z))", but using your definitions, it reduced to "\f.\x.f (f (f x))".
given nr       test 10, jwoold01 errored -- Loading your lambda code triggered these errors: error: unbound free variable in RHS of binding: xFT; error: unbound free variable in RHS of binding: nPHI; error: unbound free variable in RHS of binding: YDMR; syntax error: Invalid Lambda Expression; syntax error: Invalid Lambda Expression; syntax error: Invalid Lambda Expression; syntax error: Invalid Lambda Expression; syntax error: Invalid Lambda Expression; syntax error: Invalid Lambda Expression; syntax error: Invalid Lambda Expression; syntax error: Invalid Lambda Expression; syntax error: Invalid Lambda Expression
given nr       test 10, dwhitn01 passed
given nr       test 10, sgardn04 failed -- We expected term "pred (succ 3)" to reduce to "S (S (S Z))", but using your definitions, it reduced to "\f.\l1.f (f (f l1))".
given nr       test 10, jaltre01 passed
given nr       test 10, nbugas01 passed
given nr       test 10, blarsen  passed
given nr       test 11, hlin02   passed
given nr       test 11, zabram02 passed
given nr       test 11, gong01   passed
given nr       test 11, bjorda02 failed -- We expected term "eq 3 3" to reduce to "T", but using your definitions, it reduced to "F".
given nr       test 11, jtan03   passed
given nr       test 11, jwelch01 passed
given nr       test 11, hnasar01 failed -- We expected term "eq 3 3" to reduce to "T", but using your definitions, it reduced to "eq (\f.\x.f (f (f x))) (\f.\x.f (f (f x))) T F".
given nr       test 11, sbidwe01 passed
given nr       test 11, mleise01 passed
given nr       test 11, dkass01  passed
given nr       test 11, npalmo01 failed -- We expected term "eq 3 3" to reduce to "T", but using your definitions, it reduced to "F".
given nr       test 11, bsumne01 passed
given nr       test 11, jkenne05 passed
given nr       test 11, esalow01 passed
given nr       test 11, bkolta01 passed
given nr       test 11, asamps01 passed
given nr       test 11, kmcneely passed
given nr       test 11, jpearl05 passed
given nr       test 11, jbryan04 failed -- We expected term "eq 3 3" to reduce to "T", but using your definitions, it reduced to "eq (\f.\x.f (f (f x))) (\f.\x.f (f (f x))) T F".
given nr       test 11, ariley03 passed
given nr       test 11, mdarsn01 failed -- We expected term "eq 3 3" to reduce to "T", but using your definitions, it reduced to "F".
given nr       test 11, rmonde01 passed
given nr       test 11, xzhang01 passed
given nr       test 11, mrusse03 passed
given nr       test 11, dreedy01 passed
given nr       test 11, drenfr01 errored -- Loading your lambda code triggered these errors: error: unbound free variable in RHS of binding: zero; error: unbound free variable in RHS of binding: Z; error: unbound free variable in RHS of binding: Z; error: unbound free variable in RHS of binding: R; syntax error: Invalid Lambda Expression
given nr       test 11, adreyf01 passed
given nr       test 11, tsoule01 passed
given nr       test 11, agallant passed
given nr       test 11, jkang09  failed -- We expected term "eq 3 3" to reduce to "T", but using your definitions, it reduced to "T F".
given nr       test 11, jwoold01 errored -- Loading your lambda code triggered these errors: error: unbound free variable in RHS of binding: xFT; error: unbound free variable in RHS of binding: nPHI; error: unbound free variable in RHS of binding: YDMR; syntax error: Invalid Lambda Expression; syntax error: Invalid Lambda Expression; syntax error: Invalid Lambda Expression; syntax error: Invalid Lambda Expression; syntax error: Invalid Lambda Expression; syntax error: Invalid Lambda Expression; syntax error: Invalid Lambda Expression; syntax error: Invalid Lambda Expression; syntax error: Invalid Lambda Expression
given nr       test 11, dwhitn01 passed
given nr       test 11, sgardn04 failed -- We expected term "eq 3 3" to reduce to "T", but using your definitions, it reduced to "T (\y.y) F".
given nr       test 11, jaltre01 passed
given nr       test 11, nbugas01 passed
given nr       test 11, blarsen  passed
given nr       test 12, hlin02   passed
given nr       test 12, zabram02 passed
given nr       test 12, gong01   passed
given nr       test 12, bjorda02 passed
given nr       test 12, jtan03   passed
given nr       test 12, jwelch01 passed
given nr       test 12, hnasar01 failed -- We expected term "eq 3 4" to reduce to "F", but using your definitions, it reduced to "eq (\f.\x.f (f (f x))) (\f.\x.f (f (f (f x)))) T F".
given nr       test 12, sbidwe01 passed
given nr       test 12, mleise01 passed
given nr       test 12, dkass01  passed
given nr       test 12, npalmo01 passed
given nr       test 12, bsumne01 passed
given nr       test 12, jkenne05 failed -- We expected term "eq 3 4" to reduce to "F", but using your definitions, it reduced to "T (T (T F))".
given nr       test 12, esalow01 passed
given nr       test 12, bkolta01 passed
given nr       test 12, asamps01 passed
given nr       test 12, kmcneely passed
given nr       test 12, jpearl05 passed
given nr       test 12, jbryan04 failed -- We expected term "eq 3 4" to reduce to "F", but using your definitions, it reduced to "eq (\f.\x.f (f (f x))) (\f.\x.f (f (f (f x)))) T F".
given nr       test 12, ariley03 passed
given nr       test 12, mdarsn01 failed -- We expected term "eq 3 4" to reduce to "F", but using your definitions, it reduced to "T F".
given nr       test 12, rmonde01 passed
given nr       test 12, xzhang01 failed -- We expected term "eq 3 4" to reduce to "F", but using your definitions, it reduced to "T".
given nr       test 12, mrusse03 passed
given nr       test 12, dreedy01 failed -- We expected term "eq 3 4" to reduce to "F", but using your definitions, it reduced to "T (T (T F))".
given nr       test 12, drenfr01 errored -- Loading your lambda code triggered these errors: error: unbound free variable in RHS of binding: zero; error: unbound free variable in RHS of binding: Z; error: unbound free variable in RHS of binding: Z; error: unbound free variable in RHS of binding: R; syntax error: Invalid Lambda Expression
given nr       test 12, adreyf01 passed
given nr       test 12, tsoule01 passed
given nr       test 12, agallant passed
given nr       test 12, jkang09  failed -- We expected term "eq 3 4" to reduce to "F", but using your definitions, it reduced to "T F".
given nr       test 12, jwoold01 errored -- Loading your lambda code triggered these errors: error: unbound free variable in RHS of binding: xFT; error: unbound free variable in RHS of binding: nPHI; error: unbound free variable in RHS of binding: YDMR; syntax error: Invalid Lambda Expression; syntax error: Invalid Lambda Expression; syntax error: Invalid Lambda Expression; syntax error: Invalid Lambda Expression; syntax error: Invalid Lambda Expression; syntax error: Invalid Lambda Expression; syntax error: Invalid Lambda Expression; syntax error: Invalid Lambda Expression; syntax error: Invalid Lambda Expression
given nr       test 12, dwhitn01 passed
given nr       test 12, sgardn04 failed -- We expected term "eq 3 4" to reduce to "F", but using your definitions, it reduced to "\y.y".
given nr       test 12, jaltre01 passed
given nr       test 12, nbugas01 passed
given nr       test 12, blarsen  passed
given nr       test 13, hlin02   passed
given nr       test 13, zabram02 passed
given nr       test 13, gong01   failed -- We expected term "divmod 3 2" to reduce to "PAIR (S Z) (S Z)", but using your definitions, it reduced to "\x.x".
given nr       test 13, bjorda02 diverged -- We expected term "divmod 3 2" to reduce to "PAIR (S Z) (S Z)", but your code diverged.
given nr       test 13, jtan03   passed
given nr       test 13, jwelch01 passed
given nr       test 13, hnasar01 failed -- We expected term "divmod 3 2" to reduce to "PAIR (S Z) (S Z)", but using your definitions, it reduced to "divmod (\f.\x.f (f (f x))) (\f.\x.f (f x)) \x.\y.PAIR (x S Z) (y S Z)".
given nr       test 13, sbidwe01 passed
given nr       test 13, mleise01 passed
given nr       test 13, dkass01  passed
given nr       test 13, npalmo01 failed -- We expected term "divmod 3 2" to reduce to "PAIR (S Z) (S Z)", but using your definitions, it reduced to "divmod (\f.\x.f (f (f x))) (\f.\x.f (f x)) \x.\y.PAIR (x S Z) (y S Z)".
given nr       test 13, bsumne01 passed
given nr       test 13, jkenne05 failed -- We expected term "divmod 3 2" to reduce to "PAIR (S Z) (S Z)", but using your definitions, it reduced to "PAIR (S Z) (S (S (S Z)))".
given nr       test 13, esalow01 passed
given nr       test 13, bkolta01 passed
given nr       test 13, asamps01 passed
given nr       test 13, kmcneely failed -- We expected term "divmod 3 2" to reduce to "PAIR (S Z) (S Z)", but using your definitions, it reduced to "PAIR (S Z) (S (S Z))".
given nr       test 13, jpearl05 passed
given nr       test 13, jbryan04 failed -- We expected term "divmod 3 2" to reduce to "PAIR (S Z) (S Z)", but using your definitions, it reduced to "divmod (\f.\x.f (f (f x))) (\f.\x.f (f x)) \x.\y.PAIR (x S Z) (y S Z)".
given nr       test 13, ariley03 passed
given nr       test 13, mdarsn01 failed -- We expected term "divmod 3 2" to reduce to "PAIR (S Z) (S Z)", but using your definitions, it reduced to "\x.\y.PAIR (x S Z) (y S Z)".
given nr       test 13, rmonde01 passed
given nr       test 13, xzhang01 passed
given nr       test 13, mrusse03 passed
given nr       test 13, dreedy01 failed -- We expected term "divmod 3 2" to reduce to "PAIR (S Z) (S Z)", but using your definitions, it reduced to "PAIR (S Z) (S (S (S Z)))".
given nr       test 13, drenfr01 errored -- Loading your lambda code triggered these errors: error: unbound free variable in RHS of binding: zero; error: unbound free variable in RHS of binding: Z; error: unbound free variable in RHS of binding: Z; error: unbound free variable in RHS of binding: R; syntax error: Invalid Lambda Expression
given nr       test 13, adreyf01 failed -- We expected term "divmod 3 2" to reduce to "PAIR (S Z) (S Z)", but using your definitions, it reduced to "\f.f (\f.\x.f (f (PAIR (f S Z) (x S Z)))) \f.f".
given nr       test 13, tsoule01 passed
given nr       test 13, agallant passed
given nr       test 13, jkang09  diverged -- We expected term "divmod 3 2" to reduce to "PAIR (S Z) (S Z)", but your code diverged.
given nr       test 13, jwoold01 errored -- Loading your lambda code triggered these errors: error: unbound free variable in RHS of binding: xFT; error: unbound free variable in RHS of binding: nPHI; error: unbound free variable in RHS of binding: YDMR; syntax error: Invalid Lambda Expression; syntax error: Invalid Lambda Expression; syntax error: Invalid Lambda Expression; syntax error: Invalid Lambda Expression; syntax error: Invalid Lambda Expression; syntax error: Invalid Lambda Expression; syntax error: Invalid Lambda Expression; syntax error: Invalid Lambda Expression; syntax error: Invalid Lambda Expression
given nr       test 13, dwhitn01 passed
given nr       test 13, sgardn04 failed -- We expected term "divmod 3 2" to reduce to "PAIR (S Z) (S Z)", but using your definitions, it reduced to "\x.\y.PAIR (PAIR (PAIR (x S Z) (S S Z) Z) (S S Z) Z) (y S Z)".
given nr       test 13, jaltre01 failed -- We expected term "divmod 3 2" to reduce to "PAIR (S Z) (S Z)", but using your definitions, it reduced to "divmod (\f.\x.f (f (f x))) (\f.\x.f (f x)) \x.\y.PAIR (x S Z) (y S Z)".
given nr       test 13, nbugas01 passed
given nr       test 13, blarsen  passed
given nr       test 14, hlin02   passed
given nr       test 14, zabram02 passed
given nr       test 14, gong01   failed -- We expected term "divmod 3 1" to reduce to "PAIR (S (S (S Z))) Z", but using your definitions, it reduced to "\x.x".
given nr       test 14, bjorda02 diverged -- We expected term "divmod 3 1" to reduce to "PAIR (S (S (S Z))) Z", but your code diverged.
given nr       test 14, jtan03   diverged -- We expected term "divmod 3 1" to reduce to "PAIR (S (S (S Z))) Z", but your code diverged.
given nr       test 14, jwelch01 passed
given nr       test 14, hnasar01 failed -- We expected term "divmod 3 1" to reduce to "PAIR (S (S (S Z))) Z", but using your definitions, it reduced to "divmod (\f.\x.f (f (f x))) (\f.f) \x.\y.PAIR (x S Z) (y S Z)".
given nr       test 14, sbidwe01 passed
given nr       test 14, mleise01 passed
given nr       test 14, dkass01  passed
given nr       test 14, npalmo01 failed -- We expected term "divmod 3 1" to reduce to "PAIR (S (S (S Z))) Z", but using your definitions, it reduced to "divmod (\f.\x.f (f (f x))) (\f.f) \x.\y.PAIR (x S Z) (y S Z)".
given nr       test 14, bsumne01 passed
given nr       test 14, jkenne05 failed -- We expected term "divmod 3 1" to reduce to "PAIR (S (S (S Z))) Z", but using your definitions, it reduced to "PAIR (S Z) Z".
given nr       test 14, esalow01 passed
given nr       test 14, bkolta01 passed
given nr       test 14, asamps01 passed
given nr       test 14, kmcneely failed -- We expected term "divmod 3 1" to reduce to "PAIR (S (S (S Z))) Z", but using your definitions, it reduced to "PAIR (S (S Z)) (S Z)".
given nr       test 14, jpearl05 passed
given nr       test 14, jbryan04 failed -- We expected term "divmod 3 1" to reduce to "PAIR (S (S (S Z))) Z", but using your definitions, it reduced to "divmod (\f.\x.f (f (f x))) (\f.f) \x.\y.PAIR (x S Z) (y S Z)".
given nr       test 14, ariley03 passed
given nr       test 14, mdarsn01 failed -- We expected term "divmod 3 1" to reduce to "PAIR (S (S (S Z))) Z", but using your definitions, it reduced to "\y.y".
given nr       test 14, rmonde01 passed
given nr       test 14, xzhang01 passed
given nr       test 14, mrusse03 passed
given nr       test 14, dreedy01 failed -- We expected term "divmod 3 1" to reduce to "PAIR (S (S (S Z))) Z", but using your definitions, it reduced to "PAIR (S Z) Z".
given nr       test 14, drenfr01 errored -- Loading your lambda code triggered these errors: error: unbound free variable in RHS of binding: zero; error: unbound free variable in RHS of binding: Z; error: unbound free variable in RHS of binding: Z; error: unbound free variable in RHS of binding: R; syntax error: Invalid Lambda Expression
given nr       test 14, adreyf01 failed -- We expected term "divmod 3 1" to reduce to "PAIR (S (S (S Z))) Z", but using your definitions, it reduced to "\f.f (\f.\x.f (f (f (PAIR (f S Z) (x S Z))))) \f.\x.x".
given nr       test 14, tsoule01 passed
given nr       test 14, agallant passed
given nr       test 14, jkang09  failed -- We expected term "divmod 3 1" to reduce to "PAIR (S (S (S Z))) Z", but using your definitions, it reduced to "PAIR Z (S (S (S Z)))".
given nr       test 14, jwoold01 errored -- Loading your lambda code triggered these errors: error: unbound free variable in RHS of binding: xFT; error: unbound free variable in RHS of binding: nPHI; error: unbound free variable in RHS of binding: YDMR; syntax error: Invalid Lambda Expression; syntax error: Invalid Lambda Expression; syntax error: Invalid Lambda Expression; syntax error: Invalid Lambda Expression; syntax error: Invalid Lambda Expression; syntax error: Invalid Lambda Expression; syntax error: Invalid Lambda Expression; syntax error: Invalid Lambda Expression; syntax error: Invalid Lambda Expression
given nr       test 14, dwhitn01 passed
given nr       test 14, sgardn04 failed -- We expected term "divmod 3 1" to reduce to "PAIR (S (S (S Z))) Z", but using your definitions, it reduced to "PAIR Z (S (S (S Z)))".
given nr       test 14, jaltre01 failed -- We expected term "divmod 3 1" to reduce to "PAIR (S (S (S Z))) Z", but using your definitions, it reduced to "divmod (\f.\x.f (f (f x))) (\f.f) \x.\y.PAIR (x S Z) (y S Z)".
given nr       test 14, nbugas01 passed
given nr       test 14, blarsen  passed
given nr       test 15, hlin02   passed
given nr       test 15, zabram02 passed
given nr       test 15, gong01   failed -- We expected term "divmod 1 1" to reduce to "PAIR (S Z) Z", but using your definitions, it reduced to "\x.x".
given nr       test 15, bjorda02 diverged -- We expected term "divmod 1 1" to reduce to "PAIR (S Z) Z", but your code diverged.
given nr       test 15, jtan03   passed
given nr       test 15, jwelch01 passed
given nr       test 15, hnasar01 failed -- We expected term "divmod 1 1" to reduce to "PAIR (S Z) Z", but using your definitions, it reduced to "divmod (\f.f) (\f.f) \x.\y.PAIR (x S Z) (y S Z)".
given nr       test 15, sbidwe01 passed
given nr       test 15, mleise01 passed
given nr       test 15, dkass01  passed
given nr       test 15, npalmo01 failed -- We expected term "divmod 1 1" to reduce to "PAIR (S Z) Z", but using your definitions, it reduced to "divmod (\f.f) (\f.f) \x.\y.PAIR (x S Z) (y S Z)".
given nr       test 15, bsumne01 passed
given nr       test 15, jkenne05 failed -- We expected term "divmod 1 1" to reduce to "PAIR (S Z) Z", but using your definitions, it reduced to "PAIR (S (S Z)) (S Z)".
given nr       test 15, esalow01 passed
given nr       test 15, bkolta01 passed
given nr       test 15, asamps01 passed
given nr       test 15, kmcneely failed -- We expected term "divmod 1 1" to reduce to "PAIR (S Z) Z", but using your definitions, it reduced to "PAIR Z (S Z)".
given nr       test 15, jpearl05 passed
given nr       test 15, jbryan04 failed -- We expected term "divmod 1 1" to reduce to "PAIR (S Z) Z", but using your definitions, it reduced to "divmod (\f.f) (\f.f) \x.\y.PAIR (x S Z) (y S Z)".
given nr       test 15, ariley03 passed
given nr       test 15, mdarsn01 diverged -- We expected term "divmod 1 1" to reduce to "PAIR (S Z) Z", but your code diverged.
given nr       test 15, rmonde01 passed
given nr       test 15, xzhang01 passed
given nr       test 15, mrusse03 passed
given nr       test 15, dreedy01 failed -- We expected term "divmod 1 1" to reduce to "PAIR (S Z) Z", but using your definitions, it reduced to "PAIR (S (S Z)) (S Z)".
given nr       test 15, drenfr01 errored -- Loading your lambda code triggered these errors: error: unbound free variable in RHS of binding: zero; error: unbound free variable in RHS of binding: Z; error: unbound free variable in RHS of binding: Z; error: unbound free variable in RHS of binding: R; syntax error: Invalid Lambda Expression
given nr       test 15, adreyf01 failed -- We expected term "divmod 1 1" to reduce to "PAIR (S Z) Z", but using your definitions, it reduced to "\f.f (\f.\x.f (PAIR (f S Z) (x S Z))) \f.\x.x".
given nr       test 15, tsoule01 passed
given nr       test 15, agallant passed
given nr       test 15, jkang09  failed -- We expected term "divmod 1 1" to reduce to "PAIR (S Z) Z", but using your definitions, it reduced to "PAIR Z (S Z)".
given nr       test 15, jwoold01 errored -- Loading your lambda code triggered these errors: error: unbound free variable in RHS of binding: xFT; error: unbound free variable in RHS of binding: nPHI; error: unbound free variable in RHS of binding: YDMR; syntax error: Invalid Lambda Expression; syntax error: Invalid Lambda Expression; syntax error: Invalid Lambda Expression; syntax error: Invalid Lambda Expression; syntax error: Invalid Lambda Expression; syntax error: Invalid Lambda Expression; syntax error: Invalid Lambda Expression; syntax error: Invalid Lambda Expression; syntax error: Invalid Lambda Expression
given nr       test 15, dwhitn01 passed
given nr       test 15, sgardn04 failed -- We expected term "divmod 1 1" to reduce to "PAIR (S Z) Z", but using your definitions, it reduced to "PAIR Z (S Z)".
given nr       test 15, jaltre01 failed -- We expected term "divmod 1 1" to reduce to "PAIR (S Z) Z", but using your definitions, it reduced to "divmod (\f.f) (\f.f) \x.\y.PAIR (x S Z) (y S Z)".
given nr       test 15, nbugas01 passed
given nr       test 15, blarsen  passed
given nr       test 16, hlin02   passed
given nr       test 16, zabram02 passed
given nr       test 16, gong01   passed
given nr       test 16, bjorda02 failed -- We expected term "pred (succ 1)" to reduce to "S Z", but using your definitions, it reduced to "S (S \z.z (\x.\y.y) \x.\y.x)".
given nr       test 16, jtan03   passed
given nr       test 16, jwelch01 passed
given nr       test 16, hnasar01 failed -- We expected term "pred (succ 1)" to reduce to "S Z", but using your definitions, it reduced to "\x.Z (S Z x) \y.\s.\z.z \s.\z.z".
given nr       test 16, sbidwe01 passed
given nr       test 16, mleise01 passed
given nr       test 16, dkass01  passed
given nr       test 16, npalmo01 failed -- We expected term "pred (succ 1)" to reduce to "S Z", but using your definitions, it reduced to "S (\z.z (\f.\x.x) \f.\x.x) (\m.\f.f (\x.x) \z.z (\f.\x.x) \f.\x.x) Z".
given nr       test 16, bsumne01 passed
given nr       test 16, jkenne05 failed -- We expected term "pred (succ 1)" to reduce to "S Z", but using your definitions, it reduced to "S (\f.\x.f (f x)) \f.f".
given nr       test 16, esalow01 passed
given nr       test 16, bkolta01 passed
given nr       test 16, asamps01 passed
given nr       test 16, kmcneely passed
given nr       test 16, jpearl05 passed
given nr       test 16, jbryan04 failed -- We expected term "pred (succ 1)" to reduce to "S Z", but using your definitions, it reduced to "pred (\f.\x.f (f x)) S Z".
given nr       test 16, ariley03 passed
given nr       test 16, mdarsn01 passed
given nr       test 16, rmonde01 passed
given nr       test 16, xzhang01 passed
given nr       test 16, mrusse03 passed
given nr       test 16, dreedy01 failed -- We expected term "pred (succ 1)" to reduce to "S Z", but using your definitions, it reduced to "S (\f.\x.f (f x)) \f.f".
given nr       test 16, drenfr01 errored -- Loading your lambda code triggered these errors: error: unbound free variable in RHS of binding: zero; error: unbound free variable in RHS of binding: Z; error: unbound free variable in RHS of binding: Z; error: unbound free variable in RHS of binding: R; syntax error: Invalid Lambda Expression
given nr       test 16, adreyf01 passed
given nr       test 16, tsoule01 passed
given nr       test 16, agallant passed
given nr       test 16, jkang09  failed -- We expected term "pred (succ 1)" to reduce to "S Z", but using your definitions, it reduced to "\f.f".
given nr       test 16, jwoold01 errored -- Loading your lambda code triggered these errors: error: unbound free variable in RHS of binding: xFT; error: unbound free variable in RHS of binding: nPHI; error: unbound free variable in RHS of binding: YDMR; syntax error: Invalid Lambda Expression; syntax error: Invalid Lambda Expression; syntax error: Invalid Lambda Expression; syntax error: Invalid Lambda Expression; syntax error: Invalid Lambda Expression; syntax error: Invalid Lambda Expression; syntax error: Invalid Lambda Expression; syntax error: Invalid Lambda Expression; syntax error: Invalid Lambda Expression
given nr       test 16, dwhitn01 passed
given nr       test 16, sgardn04 failed -- We expected term "pred (succ 1)" to reduce to "S Z", but using your definitions, it reduced to "\f.f".
given nr       test 16, jaltre01 passed
given nr       test 16, nbugas01 passed
given nr       test 16, blarsen  passed
given nr       test 17, hlin02   passed
given nr       test 17, zabram02 passed
given nr       test 17, gong01   passed
given nr       test 17, bjorda02 failed -- We expected term "eq 1 1" to reduce to "T", but using your definitions, it reduced to "F".
given nr       test 17, jtan03   passed
given nr       test 17, jwelch01 passed
given nr       test 17, hnasar01 failed -- We expected term "eq 1 1" to reduce to "T", but using your definitions, it reduced to "eq (\f.f) (\f.f) T F".
given nr       test 17, sbidwe01 passed
given nr       test 17, mleise01 passed
given nr       test 17, dkass01  passed
given nr       test 17, npalmo01 failed -- We expected term "eq 1 1" to reduce to "T", but using your definitions, it reduced to "T (\x.x) (\z.z (\f.\x.x) \f.\x.x) F".
given nr       test 17, bsumne01 passed
given nr       test 17, jkenne05 failed -- We expected term "eq 1 1" to reduce to "T", but using your definitions, it reduced to "F".
given nr       test 17, esalow01 passed
given nr       test 17, bkolta01 passed
given nr       test 17, asamps01 passed
given nr       test 17, kmcneely passed
given nr       test 17, jpearl05 passed
given nr       test 17, jbryan04 failed -- We expected term "eq 1 1" to reduce to "T", but using your definitions, it reduced to "eq (\f.f) (\f.f) T F".
given nr       test 17, ariley03 passed
given nr       test 17, mdarsn01 failed -- We expected term "eq 1 1" to reduce to "T", but using your definitions, it reduced to "F".
given nr       test 17, rmonde01 passed
given nr       test 17, xzhang01 passed
given nr       test 17, mrusse03 passed
given nr       test 17, dreedy01 failed -- We expected term "eq 1 1" to reduce to "T", but using your definitions, it reduced to "F".
given nr       test 17, drenfr01 errored -- Loading your lambda code triggered these errors: error: unbound free variable in RHS of binding: zero; error: unbound free variable in RHS of binding: Z; error: unbound free variable in RHS of binding: Z; error: unbound free variable in RHS of binding: R; syntax error: Invalid Lambda Expression
given nr       test 17, adreyf01 passed
given nr       test 17, tsoule01 passed
given nr       test 17, agallant passed
given nr       test 17, jkang09  failed -- We expected term "eq 1 1" to reduce to "T", but using your definitions, it reduced to "F".
given nr       test 17, jwoold01 errored -- Loading your lambda code triggered these errors: error: unbound free variable in RHS of binding: xFT; error: unbound free variable in RHS of binding: nPHI; error: unbound free variable in RHS of binding: YDMR; syntax error: Invalid Lambda Expression; syntax error: Invalid Lambda Expression; syntax error: Invalid Lambda Expression; syntax error: Invalid Lambda Expression; syntax error: Invalid Lambda Expression; syntax error: Invalid Lambda Expression; syntax error: Invalid Lambda Expression; syntax error: Invalid Lambda Expression; syntax error: Invalid Lambda Expression
given nr       test 17, dwhitn01 passed
given nr       test 17, sgardn04 failed -- We expected term "eq 1 1" to reduce to "T", but using your definitions, it reduced to "\x.x".
given nr       test 17, jaltre01 passed
given nr       test 17, nbugas01 passed
given nr       test 17, blarsen  passed
given nr       test 18, hlin02   passed
given nr       test 18, zabram02 passed
given nr       test 18, gong01   passed
given nr       test 18, bjorda02 passed
given nr       test 18, jtan03   passed
given nr       test 18, jwelch01 passed
given nr       test 18, hnasar01 failed -- We expected term "eq 1 2" to reduce to "F", but using your definitions, it reduced to "eq (\f.f) (\f.\x.f (f x)) T F".
given nr       test 18, sbidwe01 passed
given nr       test 18, mleise01 passed
given nr       test 18, dkass01  passed
given nr       test 18, npalmo01 passed
given nr       test 18, bsumne01 passed
given nr       test 18, jkenne05 passed
given nr       test 18, esalow01 passed
given nr       test 18, bkolta01 passed
given nr       test 18, asamps01 passed
given nr       test 18, kmcneely passed
given nr       test 18, jpearl05 passed
given nr       test 18, jbryan04 failed -- We expected term "eq 1 2" to reduce to "F", but using your definitions, it reduced to "eq (\f.f) (\f.\x.f (f x)) T F".
given nr       test 18, ariley03 passed
given nr       test 18, mdarsn01 failed -- We expected term "eq 1 2" to reduce to "F", but using your definitions, it reduced to "T F".
given nr       test 18, rmonde01 passed
given nr       test 18, xzhang01 failed -- We expected term "eq 1 2" to reduce to "F", but using your definitions, it reduced to "T".
given nr       test 18, mrusse03 passed
given nr       test 18, dreedy01 passed
given nr       test 18, drenfr01 errored -- Loading your lambda code triggered these errors: error: unbound free variable in RHS of binding: zero; error: unbound free variable in RHS of binding: Z; error: unbound free variable in RHS of binding: Z; error: unbound free variable in RHS of binding: R; syntax error: Invalid Lambda Expression
given nr       test 18, adreyf01 passed
given nr       test 18, tsoule01 passed
given nr       test 18, agallant passed
given nr       test 18, jkang09  failed -- We expected term "eq 1 2" to reduce to "F", but using your definitions, it reduced to "T F".
given nr       test 18, jwoold01 errored -- Loading your lambda code triggered these errors: error: unbound free variable in RHS of binding: xFT; error: unbound free variable in RHS of binding: nPHI; error: unbound free variable in RHS of binding: YDMR; syntax error: Invalid Lambda Expression; syntax error: Invalid Lambda Expression; syntax error: Invalid Lambda Expression; syntax error: Invalid Lambda Expression; syntax error: Invalid Lambda Expression; syntax error: Invalid Lambda Expression; syntax error: Invalid Lambda Expression; syntax error: Invalid Lambda Expression; syntax error: Invalid Lambda Expression
given nr       test 18, dwhitn01 passed
given nr       test 18, sgardn04 failed -- We expected term "eq 1 2" to reduce to "F", but using your definitions, it reduced to "T (\x.x) F".
given nr       test 18, jaltre01 passed
given nr       test 18, nbugas01 passed
given nr       test 18, blarsen  passed
given nr       test 19, hlin02   passed
given nr       test 19, zabram02 passed
given nr       test 19, gong01   failed -- We expected term "divmod 1 2" to reduce to "PAIR Z (S Z)", but using your definitions, it reduced to "\x.x".
given nr       test 19, bjorda02 diverged -- We expected term "divmod 1 2" to reduce to "PAIR Z (S Z)", but your code diverged.
given nr       test 19, jtan03   passed
given nr       test 19, jwelch01 passed
given nr       test 19, hnasar01 failed -- We expected term "divmod 1 2" to reduce to "PAIR Z (S Z)", but using your definitions, it reduced to "divmod (\f.f) (\f.\x.f (f x)) \x.\y.PAIR (x S Z) (y S Z)".
given nr       test 19, sbidwe01 passed
given nr       test 19, mleise01 passed
given nr       test 19, dkass01  passed
given nr       test 19, npalmo01 failed -- We expected term "divmod 1 2" to reduce to "PAIR Z (S Z)", but using your definitions, it reduced to "divmod (\f.f) (\f.\x.f (f x)) \x.\y.PAIR (x S Z) (y S Z)".
given nr       test 19, bsumne01 passed
given nr       test 19, jkenne05 failed -- We expected term "divmod 1 2" to reduce to "PAIR Z (S Z)", but using your definitions, it reduced to "PAIR (S Z) (S Z)".
given nr       test 19, esalow01 passed
given nr       test 19, bkolta01 passed
given nr       test 19, asamps01 passed
given nr       test 19, kmcneely failed -- We expected term "divmod 1 2" to reduce to "PAIR Z (S Z)", but using your definitions, it reduced to "PAIR Z (S (S Z))".
given nr       test 19, jpearl05 passed
given nr       test 19, jbryan04 failed -- We expected term "divmod 1 2" to reduce to "PAIR Z (S Z)", but using your definitions, it reduced to "divmod (\f.f) (\f.\x.f (f x)) \x.\y.PAIR (x S Z) (y S Z)".
given nr       test 19, ariley03 passed
given nr       test 19, mdarsn01 diverged -- We expected term "divmod 1 2" to reduce to "PAIR Z (S Z)", but your code diverged.
given nr       test 19, rmonde01 passed
given nr       test 19, xzhang01 passed
given nr       test 19, mrusse03 passed
given nr       test 19, dreedy01 failed -- We expected term "divmod 1 2" to reduce to "PAIR Z (S Z)", but using your definitions, it reduced to "PAIR (S Z) (S Z)".
given nr       test 19, drenfr01 errored -- Loading your lambda code triggered these errors: error: unbound free variable in RHS of binding: zero; error: unbound free variable in RHS of binding: Z; error: unbound free variable in RHS of binding: Z; error: unbound free variable in RHS of binding: R; syntax error: Invalid Lambda Expression
given nr       test 19, adreyf01 failed -- We expected term "divmod 1 2" to reduce to "PAIR Z (S Z)", but using your definitions, it reduced to "\f.f (\f.\x.f (PAIR (f S Z) (x S Z))) \f.f".
given nr       test 19, tsoule01 passed
given nr       test 19, agallant passed
given nr       test 19, jkang09  failed -- We expected term "divmod 1 2" to reduce to "PAIR Z (S Z)", but using your definitions, it reduced to "\x.x".
given nr       test 19, jwoold01 errored -- Loading your lambda code triggered these errors: error: unbound free variable in RHS of binding: xFT; error: unbound free variable in RHS of binding: nPHI; error: unbound free variable in RHS of binding: YDMR; syntax error: Invalid Lambda Expression; syntax error: Invalid Lambda Expression; syntax error: Invalid Lambda Expression; syntax error: Invalid Lambda Expression; syntax error: Invalid Lambda Expression; syntax error: Invalid Lambda Expression; syntax error: Invalid Lambda Expression; syntax error: Invalid Lambda Expression; syntax error: Invalid Lambda Expression
given nr       test 19, dwhitn01 passed
given nr       test 19, sgardn04 failed -- We expected term "divmod 1 2" to reduce to "PAIR Z (S Z)", but using your definitions, it reduced to "\x.\y.PAIR (x S Z) (y S Z)".
given nr       test 19, jaltre01 failed -- We expected term "divmod 1 2" to reduce to "PAIR Z (S Z)", but using your definitions, it reduced to "divmod (\f.f) (\f.\x.f (f x)) \x.\y.PAIR (x S Z) (y S Z)".
given nr       test 19, nbugas01 passed
given nr       test 19, blarsen  passed
given nr       test 20, hlin02   passed
given nr       test 20, zabram02 passed
given nr       test 20, gong01   failed -- We expected term "divmod 1 3" to reduce to "PAIR Z (S Z)", but using your definitions, it reduced to "\x.x".
given nr       test 20, bjorda02 diverged -- We expected term "divmod 1 3" to reduce to "PAIR Z (S Z)", but your code diverged.
given nr       test 20, jtan03   passed
given nr       test 20, jwelch01 passed
given nr       test 20, hnasar01 failed -- We expected term "divmod 1 3" to reduce to "PAIR Z (S Z)", but using your definitions, it reduced to "divmod (\f.f) (\f.\x.f (f (f x))) \x.\y.PAIR (x S Z) (y S Z)".
given nr       test 20, sbidwe01 passed
given nr       test 20, mleise01 passed
given nr       test 20, dkass01  passed
given nr       test 20, npalmo01 failed -- We expected term "divmod 1 3" to reduce to "PAIR Z (S Z)", but using your definitions, it reduced to "divmod (\f.f) (\f.\x.f (f (f x))) \x.\y.PAIR (x S Z) (y S Z)".
given nr       test 20, bsumne01 passed
given nr       test 20, jkenne05 failed -- We expected term "divmod 1 3" to reduce to "PAIR Z (S Z)", but using your definitions, it reduced to "PAIR (S Z) Z".
given nr       test 20, esalow01 passed
given nr       test 20, bkolta01 passed
given nr       test 20, asamps01 passed
given nr       test 20, kmcneely failed -- We expected term "divmod 1 3" to reduce to "PAIR Z (S Z)", but using your definitions, it reduced to "PAIR Z (S (S (S Z)))".
given nr       test 20, jpearl05 passed
given nr       test 20, jbryan04 failed -- We expected term "divmod 1 3" to reduce to "PAIR Z (S Z)", but using your definitions, it reduced to "divmod (\f.f) (\f.\x.f (f (f x))) \x.\y.PAIR (x S Z) (y S Z)".
given nr       test 20, ariley03 passed
given nr       test 20, mdarsn01 diverged -- We expected term "divmod 1 3" to reduce to "PAIR Z (S Z)", but your code diverged.
given nr       test 20, rmonde01 passed
given nr       test 20, xzhang01 passed
given nr       test 20, mrusse03 passed
given nr       test 20, dreedy01 failed -- We expected term "divmod 1 3" to reduce to "PAIR Z (S Z)", but using your definitions, it reduced to "PAIR (S Z) Z".
given nr       test 20, drenfr01 errored -- Loading your lambda code triggered these errors: error: unbound free variable in RHS of binding: zero; error: unbound free variable in RHS of binding: Z; error: unbound free variable in RHS of binding: Z; error: unbound free variable in RHS of binding: R; syntax error: Invalid Lambda Expression
given nr       test 20, adreyf01 failed -- We expected term "divmod 1 3" to reduce to "PAIR Z (S Z)", but using your definitions, it reduced to "\f.f (\f.\x.f (PAIR (f S Z) (x S Z))) \f.\x.f (f x)".
given nr       test 20, tsoule01 passed
given nr       test 20, agallant passed
given nr       test 20, jkang09  failed -- We expected term "divmod 1 3" to reduce to "PAIR Z (S Z)", but using your definitions, it reduced to "\y.y".
given nr       test 20, jwoold01 errored -- Loading your lambda code triggered these errors: error: unbound free variable in RHS of binding: xFT; error: unbound free variable in RHS of binding: nPHI; error: unbound free variable in RHS of binding: YDMR; syntax error: Invalid Lambda Expression; syntax error: Invalid Lambda Expression; syntax error: Invalid Lambda Expression; syntax error: Invalid Lambda Expression; syntax error: Invalid Lambda Expression; syntax error: Invalid Lambda Expression; syntax error: Invalid Lambda Expression; syntax error: Invalid Lambda Expression; syntax error: Invalid Lambda Expression
given nr       test 20, dwhitn01 passed
given nr       test 20, sgardn04 failed -- We expected term "divmod 1 3" to reduce to "PAIR Z (S Z)", but using your definitions, it reduced to "\x.\y.PAIR (x S Z) (y S Z)".
given nr       test 20, jaltre01 failed -- We expected term "divmod 1 3" to reduce to "PAIR Z (S Z)", but using your definitions, it reduced to "divmod (\f.f) (\f.\x.f (f (f x))) \x.\y.PAIR (x S Z) (y S Z)".
given nr       test 20, nbugas01 passed
given nr       test 20, blarsen  passed
given nr       test 21, hlin02   passed
given nr       test 21, zabram02 passed
given nr       test 21, gong01   failed -- We expected term "divmod 2 2" to reduce to "PAIR (S Z) Z", but using your definitions, it reduced to "\x.x".
given nr       test 21, bjorda02 diverged -- We expected term "divmod 2 2" to reduce to "PAIR (S Z) Z", but your code diverged.
given nr       test 21, jtan03   passed
given nr       test 21, jwelch01 passed
given nr       test 21, hnasar01 failed -- We expected term "divmod 2 2" to reduce to "PAIR (S Z) Z", but using your definitions, it reduced to "divmod (\f.\x.f (f x)) (\f.\x.f (f x)) \x.\y.PAIR (x S Z) (y S Z)".
given nr       test 21, sbidwe01 passed
given nr       test 21, mleise01 passed
given nr       test 21, dkass01  passed
given nr       test 21, npalmo01 failed -- We expected term "divmod 2 2" to reduce to "PAIR (S Z) Z", but using your definitions, it reduced to "divmod (\f.\x.f (f x)) (\f.\x.f (f x)) \x.\y.PAIR (x S Z) (y S Z)".
given nr       test 21, bsumne01 passed
given nr       test 21, jkenne05 failed -- We expected term "divmod 2 2" to reduce to "PAIR (S Z) Z", but using your definitions, it reduced to "PAIR (S (S Z)) (S (\z.\f.f) (\y.\f.\z.f (\f.\x.f (f x)) \f.f) \y.\f.\z.f (\f.\x.f (f x)) \f.f)".
given nr       test 21, esalow01 passed
given nr       test 21, bkolta01 passed
given nr       test 21, asamps01 passed
given nr       test 21, kmcneely failed -- We expected term "divmod 2 2" to reduce to "PAIR (S Z) Z", but using your definitions, it reduced to "PAIR Z (S (S Z))".
given nr       test 21, jpearl05 passed
given nr       test 21, jbryan04 failed -- We expected term "divmod 2 2" to reduce to "PAIR (S Z) Z", but using your definitions, it reduced to "divmod (\f.\x.f (f x)) (\f.\x.f (f x)) \x.\y.PAIR (x S Z) (y S Z)".
given nr       test 21, ariley03 passed
given nr       test 21, mdarsn01 diverged -- We expected term "divmod 2 2" to reduce to "PAIR (S Z) Z", but your code diverged.
given nr       test 21, rmonde01 passed
given nr       test 21, xzhang01 passed
given nr       test 21, mrusse03 passed
given nr       test 21, dreedy01 failed -- We expected term "divmod 2 2" to reduce to "PAIR (S Z) Z", but using your definitions, it reduced to "PAIR (S (S Z)) (S (\w.\x.\l111.x (x (x (x (x (x (x (x l111)))))))) (\y.\f.\w.f (\w.\x.\l118.x (x (x (x (x (x (x (x l118)))))))) \y.\f.\w.f (\f.\x.f (f (f x))) \f.\x.f (f x)) \y.\f.\w.f (\w.\x.\l125.x (x (x (x (x (x (x (x l125)))))))) \y.\f.\w.f (\f.\x.f (f (f x))) \f.\x.f (f x))".
given nr       test 21, drenfr01 errored -- Loading your lambda code triggered these errors: error: unbound free variable in RHS of binding: zero; error: unbound free variable in RHS of binding: Z; error: unbound free variable in RHS of binding: Z; error: unbound free variable in RHS of binding: R; syntax error: Invalid Lambda Expression
given nr       test 21, adreyf01 failed -- We expected term "divmod 2 2" to reduce to "PAIR (S Z) Z", but using your definitions, it reduced to "\f.f (\f.\x.f (PAIR (f S Z) (x S Z))) \f.\x.x".
given nr       test 21, tsoule01 passed
given nr       test 21, agallant passed
given nr       test 21, jkang09  failed -- We expected term "divmod 2 2" to reduce to "PAIR (S Z) Z", but using your definitions, it reduced to "PAIR Z (S (S Z))".
given nr       test 21, jwoold01 errored -- Loading your lambda code triggered these errors: error: unbound free variable in RHS of binding: xFT; error: unbound free variable in RHS of binding: nPHI; error: unbound free variable in RHS of binding: YDMR; syntax error: Invalid Lambda Expression; syntax error: Invalid Lambda Expression; syntax error: Invalid Lambda Expression; syntax error: Invalid Lambda Expression; syntax error: Invalid Lambda Expression; syntax error: Invalid Lambda Expression; syntax error: Invalid Lambda Expression; syntax error: Invalid Lambda Expression; syntax error: Invalid Lambda Expression
given nr       test 21, dwhitn01 passed
given nr       test 21, sgardn04 failed -- We expected term "divmod 2 2" to reduce to "PAIR (S Z) Z", but using your definitions, it reduced to "PAIR Z (S (S Z))".
given nr       test 21, jaltre01 failed -- We expected term "divmod 2 2" to reduce to "PAIR (S Z) Z", but using your definitions, it reduced to "divmod (\f.\x.f (f x)) (\f.\x.f (f x)) \x.\y.PAIR (x S Z) (y S Z)".
given nr       test 21, nbugas01 passed
given nr       test 21, blarsen  passed
given nr       test 22, hlin02   passed
given nr       test 22, zabram02 passed
given nr       test 22, gong01   passed
given nr       test 22, bjorda02 failed -- We expected term "pred (succ 2)" to reduce to "S (S Z)", but using your definitions, it reduced to "S (S (S \z.z (\x.\y.y) \x.\y.x))".
given nr       test 22, jtan03   passed
given nr       test 22, jwelch01 passed
given nr       test 22, hnasar01 failed -- We expected term "pred (succ 2)" to reduce to "S (S Z)", but using your definitions, it reduced to "\x.Z (S Z x) \w.\y.\x.y (w y x) \y.\s.\z.z \s.\z.z".
given nr       test 22, sbidwe01 passed
given nr       test 22, mleise01 passed
given nr       test 22, dkass01  passed
given nr       test 22, npalmo01 failed -- We expected term "pred (succ 2)" to reduce to "S (S Z)", but using your definitions, it reduced to "S (\z.z (\f.\x.x) \f.\x.x) (\m.\f.f (\z.z (\f.\x.x) \f.\x.x) \m.\f.f (\x.x) \z.z (\f.\x.x) \f.\x.x) Z".
given nr       test 22, bsumne01 passed
given nr       test 22, jkenne05 failed -- We expected term "pred (succ 2)" to reduce to "S (S Z)", but using your definitions, it reduced to "Z".
given nr       test 22, esalow01 passed
given nr       test 22, bkolta01 passed
given nr       test 22, asamps01 passed
given nr       test 22, kmcneely passed
given nr       test 22, jpearl05 passed
given nr       test 22, jbryan04 failed -- We expected term "pred (succ 2)" to reduce to "S (S Z)", but using your definitions, it reduced to "pred (\f.\x.f (f (f x))) S Z".
given nr       test 22, ariley03 passed
given nr       test 22, mdarsn01 passed
given nr       test 22, rmonde01 passed
given nr       test 22, xzhang01 passed
given nr       test 22, mrusse03 passed
given nr       test 22, dreedy01 failed -- We expected term "pred (succ 2)" to reduce to "S (S Z)", but using your definitions, it reduced to "Z".
given nr       test 22, drenfr01 errored -- Loading your lambda code triggered these errors: error: unbound free variable in RHS of binding: zero; error: unbound free variable in RHS of binding: Z; error: unbound free variable in RHS of binding: Z; error: unbound free variable in RHS of binding: R; syntax error: Invalid Lambda Expression
given nr       test 22, adreyf01 passed
given nr       test 22, tsoule01 passed
given nr       test 22, agallant passed
given nr       test 22, jkang09  failed -- We expected term "pred (succ 2)" to reduce to "S (S Z)", but using your definitions, it reduced to "\f.\x.f (f x)".
given nr       test 22, jwoold01 errored -- Loading your lambda code triggered these errors: error: unbound free variable in RHS of binding: xFT; error: unbound free variable in RHS of binding: nPHI; error: unbound free variable in RHS of binding: YDMR; syntax error: Invalid Lambda Expression; syntax error: Invalid Lambda Expression; syntax error: Invalid Lambda Expression; syntax error: Invalid Lambda Expression; syntax error: Invalid Lambda Expression; syntax error: Invalid Lambda Expression; syntax error: Invalid Lambda Expression; syntax error: Invalid Lambda Expression; syntax error: Invalid Lambda Expression
given nr       test 22, dwhitn01 passed
given nr       test 22, sgardn04 failed -- We expected term "pred (succ 2)" to reduce to "S (S Z)", but using your definitions, it reduced to "\f.\l1.f (f l1)".
given nr       test 22, jaltre01 passed
given nr       test 22, nbugas01 passed
given nr       test 22, blarsen  passed
given nr       test 23, hlin02   passed
given nr       test 23, zabram02 passed
given nr       test 23, gong01   passed
given nr       test 23, bjorda02 failed -- We expected term "eq 2 2" to reduce to "T", but using your definitions, it reduced to "F".
given nr       test 23, jtan03   passed
given nr       test 23, jwelch01 passed
given nr       test 23, hnasar01 failed -- We expected term "eq 2 2" to reduce to "T", but using your definitions, it reduced to "eq (\f.\x.f (f x)) (\f.\x.f (f x)) T F".
given nr       test 23, sbidwe01 passed
given nr       test 23, mleise01 passed
given nr       test 23, dkass01  passed
given nr       test 23, npalmo01 failed -- We expected term "eq 2 2" to reduce to "T", but using your definitions, it reduced to "F".
given nr       test 23, bsumne01 passed
given nr       test 23, jkenne05 failed -- We expected term "eq 2 2" to reduce to "T", but using your definitions, it reduced to "T F".
given nr       test 23, esalow01 passed
given nr       test 23, bkolta01 passed
given nr       test 23, asamps01 passed
given nr       test 23, kmcneely passed
given nr       test 23, jpearl05 passed
given nr       test 23, jbryan04 failed -- We expected term "eq 2 2" to reduce to "T", but using your definitions, it reduced to "eq (\f.\x.f (f x)) (\f.\x.f (f x)) T F".
given nr       test 23, ariley03 passed
given nr       test 23, mdarsn01 failed -- We expected term "eq 2 2" to reduce to "T", but using your definitions, it reduced to "F".
given nr       test 23, rmonde01 passed
given nr       test 23, xzhang01 passed
given nr       test 23, mrusse03 passed
given nr       test 23, dreedy01 failed -- We expected term "eq 2 2" to reduce to "T", but using your definitions, it reduced to "T F".
given nr       test 23, drenfr01 errored -- Loading your lambda code triggered these errors: error: unbound free variable in RHS of binding: zero; error: unbound free variable in RHS of binding: Z; error: unbound free variable in RHS of binding: Z; error: unbound free variable in RHS of binding: R; syntax error: Invalid Lambda Expression
given nr       test 23, adreyf01 passed
given nr       test 23, tsoule01 passed
given nr       test 23, agallant passed
given nr       test 23, jkang09  failed -- We expected term "eq 2 2" to reduce to "T", but using your definitions, it reduced to "F".
given nr       test 23, jwoold01 errored -- Loading your lambda code triggered these errors: error: unbound free variable in RHS of binding: xFT; error: unbound free variable in RHS of binding: nPHI; error: unbound free variable in RHS of binding: YDMR; syntax error: Invalid Lambda Expression; syntax error: Invalid Lambda Expression; syntax error: Invalid Lambda Expression; syntax error: Invalid Lambda Expression; syntax error: Invalid Lambda Expression; syntax error: Invalid Lambda Expression; syntax error: Invalid Lambda Expression; syntax error: Invalid Lambda Expression; syntax error: Invalid Lambda Expression
given nr       test 23, dwhitn01 passed
given nr       test 23, sgardn04 failed -- We expected term "eq 2 2" to reduce to "T", but using your definitions, it reduced to "\y.y".
given nr       test 23, jaltre01 passed
given nr       test 23, nbugas01 passed
given nr       test 23, blarsen  passed
given nr       test 24, hlin02   passed
given nr       test 24, zabram02 passed
given nr       test 24, gong01   passed
given nr       test 24, bjorda02 passed
given nr       test 24, jtan03   passed
given nr       test 24, jwelch01 passed
given nr       test 24, hnasar01 failed -- We expected term "eq 2 3" to reduce to "F", but using your definitions, it reduced to "eq (\f.\x.f (f x)) (\f.\x.f (f (f x))) T F".
given nr       test 24, sbidwe01 passed
given nr       test 24, mleise01 passed
given nr       test 24, dkass01  passed
given nr       test 24, npalmo01 passed
given nr       test 24, bsumne01 passed
given nr       test 24, jkenne05 passed
given nr       test 24, esalow01 passed
given nr       test 24, bkolta01 passed
given nr       test 24, asamps01 passed
given nr       test 24, kmcneely passed
given nr       test 24, jpearl05 passed
given nr       test 24, jbryan04 failed -- We expected term "eq 2 3" to reduce to "F", but using your definitions, it reduced to "eq (\f.\x.f (f x)) (\f.\x.f (f (f x))) T F".
given nr       test 24, ariley03 passed
given nr       test 24, mdarsn01 failed -- We expected term "eq 2 3" to reduce to "F", but using your definitions, it reduced to "T F".
given nr       test 24, rmonde01 passed
given nr       test 24, xzhang01 failed -- We expected term "eq 2 3" to reduce to "F", but using your definitions, it reduced to "T".
given nr       test 24, mrusse03 passed
given nr       test 24, dreedy01 passed
given nr       test 24, drenfr01 errored -- Loading your lambda code triggered these errors: error: unbound free variable in RHS of binding: zero; error: unbound free variable in RHS of binding: Z; error: unbound free variable in RHS of binding: Z; error: unbound free variable in RHS of binding: R; syntax error: Invalid Lambda Expression
given nr       test 24, adreyf01 passed
given nr       test 24, tsoule01 passed
given nr       test 24, agallant passed
given nr       test 24, jkang09  passed
given nr       test 24, jwoold01 errored -- Loading your lambda code triggered these errors: error: unbound free variable in RHS of binding: xFT; error: unbound free variable in RHS of binding: nPHI; error: unbound free variable in RHS of binding: YDMR; syntax error: Invalid Lambda Expression; syntax error: Invalid Lambda Expression; syntax error: Invalid Lambda Expression; syntax error: Invalid Lambda Expression; syntax error: Invalid Lambda Expression; syntax error: Invalid Lambda Expression; syntax error: Invalid Lambda Expression; syntax error: Invalid Lambda Expression; syntax error: Invalid Lambda Expression
given nr       test 24, dwhitn01 passed
given nr       test 24, sgardn04 passed
given nr       test 24, jaltre01 passed
given nr       test 24, nbugas01 passed
given nr       test 24, blarsen  passed
given nr       test 25, hlin02   passed
given nr       test 25, zabram02 passed
given nr       test 25, gong01   failed -- We expected term "divmod 2 3" to reduce to "PAIR Z (S (S Z))", but using your definitions, it reduced to "\x.x".
given nr       test 25, bjorda02 diverged -- We expected term "divmod 2 3" to reduce to "PAIR Z (S (S Z))", but your code diverged.
given nr       test 25, jtan03   passed
given nr       test 25, jwelch01 passed
given nr       test 25, hnasar01 failed -- We expected term "divmod 2 3" to reduce to "PAIR Z (S (S Z))", but using your definitions, it reduced to "divmod (\f.\x.f (f x)) (\f.\x.f (f (f x))) \x.\y.PAIR (x S Z) (y S Z)".
given nr       test 25, sbidwe01 passed
given nr       test 25, mleise01 passed
given nr       test 25, dkass01  passed
given nr       test 25, npalmo01 failed -- We expected term "divmod 2 3" to reduce to "PAIR Z (S (S Z))", but using your definitions, it reduced to "divmod (\f.\x.f (f x)) (\f.\x.f (f (f x))) \x.\y.PAIR (x S Z) (y S Z)".
given nr       test 25, bsumne01 passed
given nr       test 25, jkenne05 failed -- We expected term "divmod 2 3" to reduce to "PAIR Z (S (S Z))", but using your definitions, it reduced to "PAIR (S (S (S Z))) (S (\z.\f.f) \y.\f.\z.f (\f.\x.f (f x)) \f.f)".
given nr       test 25, esalow01 passed
given nr       test 25, bkolta01 passed
given nr       test 25, asamps01 passed
given nr       test 25, kmcneely failed -- We expected term "divmod 2 3" to reduce to "PAIR Z (S (S Z))", but using your definitions, it reduced to "PAIR Z (S (S (S Z)))".
given nr       test 25, jpearl05 passed
given nr       test 25, jbryan04 failed -- We expected term "divmod 2 3" to reduce to "PAIR Z (S (S Z))", but using your definitions, it reduced to "divmod (\f.\x.f (f x)) (\f.\x.f (f (f x))) \x.\y.PAIR (x S Z) (y S Z)".
given nr       test 25, ariley03 passed
given nr       test 25, mdarsn01 diverged -- We expected term "divmod 2 3" to reduce to "PAIR Z (S (S Z))", but your code diverged.
given nr       test 25, rmonde01 passed
given nr       test 25, xzhang01 passed
given nr       test 25, mrusse03 passed
given nr       test 25, dreedy01 failed -- We expected term "divmod 2 3" to reduce to "PAIR Z (S (S Z))", but using your definitions, it reduced to "PAIR (S (S (S Z))) Z".
given nr       test 25, drenfr01 errored -- Loading your lambda code triggered these errors: error: unbound free variable in RHS of binding: zero; error: unbound free variable in RHS of binding: Z; error: unbound free variable in RHS of binding: Z; error: unbound free variable in RHS of binding: R; syntax error: Invalid Lambda Expression
given nr       test 25, adreyf01 failed -- We expected term "divmod 2 3" to reduce to "PAIR Z (S (S Z))", but using your definitions, it reduced to "\f.f (\f.\x.f (PAIR (f S Z) (x S Z))) \f.f".
given nr       test 25, tsoule01 passed
given nr       test 25, agallant passed
given nr       test 25, jkang09  passed
given nr       test 25, jwoold01 errored -- Loading your lambda code triggered these errors: error: unbound free variable in RHS of binding: xFT; error: unbound free variable in RHS of binding: nPHI; error: unbound free variable in RHS of binding: YDMR; syntax error: Invalid Lambda Expression; syntax error: Invalid Lambda Expression; syntax error: Invalid Lambda Expression; syntax error: Invalid Lambda Expression; syntax error: Invalid Lambda Expression; syntax error: Invalid Lambda Expression; syntax error: Invalid Lambda Expression; syntax error: Invalid Lambda Expression; syntax error: Invalid Lambda Expression
given nr       test 25, dwhitn01 passed
given nr       test 25, sgardn04 passed
given nr       test 25, jaltre01 failed -- We expected term "divmod 2 3" to reduce to "PAIR Z (S (S Z))", but using your definitions, it reduced to "divmod (\f.\x.f (f x)) (\f.\x.f (f (f x))) \x.\y.PAIR (x S Z) (y S Z)".
given nr       test 25, nbugas01 passed
given nr       test 25, blarsen  passed
given nr       test 26, hlin02   passed
given nr       test 26, zabram02 passed
given nr       test 26, gong01   failed -- We expected term "divmod 2 1" to reduce to "PAIR (S (S Z)) Z", but using your definitions, it reduced to "\x.x".
given nr       test 26, bjorda02 diverged -- We expected term "divmod 2 1" to reduce to "PAIR (S (S Z)) Z", but your code diverged.
given nr       test 26, jtan03   diverged -- We expected term "divmod 2 1" to reduce to "PAIR (S (S Z)) Z", but your code diverged.
given nr       test 26, jwelch01 passed
given nr       test 26, hnasar01 failed -- We expected term "divmod 2 1" to reduce to "PAIR (S (S Z)) Z", but using your definitions, it reduced to "divmod (\f.\x.f (f x)) (\f.f) \x.\y.PAIR (x S Z) (y S Z)".
given nr       test 26, sbidwe01 passed
given nr       test 26, mleise01 passed
given nr       test 26, dkass01  passed
given nr       test 26, npalmo01 failed -- We expected term "divmod 2 1" to reduce to "PAIR (S (S Z)) Z", but using your definitions, it reduced to "divmod (\f.\x.f (f x)) (\f.f) \x.\y.PAIR (x S Z) (y S Z)".
given nr       test 26, bsumne01 passed
given nr       test 26, jkenne05 failed -- We expected term "divmod 2 1" to reduce to "PAIR (S (S Z)) Z", but using your definitions, it reduced to "PAIR (S (S (S Z))) (S (\z.\f.f) \y.\f.\z.f (\f.\x.f (f x)) \f.f)".
given nr       test 26, esalow01 passed
given nr       test 26, bkolta01 passed
given nr       test 26, asamps01 passed
given nr       test 26, kmcneely failed -- We expected term "divmod 2 1" to reduce to "PAIR (S (S Z)) Z", but using your definitions, it reduced to "PAIR (S Z) (S Z)".
given nr       test 26, jpearl05 passed
given nr       test 26, jbryan04 failed -- We expected term "divmod 2 1" to reduce to "PAIR (S (S Z)) Z", but using your definitions, it reduced to "divmod (\f.\x.f (f x)) (\f.f) \x.\y.PAIR (x S Z) (y S Z)".
given nr       test 26, ariley03 passed
given nr       test 26, mdarsn01 failed -- We expected term "divmod 2 1" to reduce to "PAIR (S (S Z)) Z", but using your definitions, it reduced to "\x.\y.PAIR (x S Z) (y S Z)".
given nr       test 26, rmonde01 passed
given nr       test 26, xzhang01 passed
given nr       test 26, mrusse03 passed
given nr       test 26, dreedy01 failed -- We expected term "divmod 2 1" to reduce to "PAIR (S (S Z)) Z", but using your definitions, it reduced to "PAIR (S (S (S Z))) Z".
given nr       test 26, drenfr01 errored -- Loading your lambda code triggered these errors: error: unbound free variable in RHS of binding: zero; error: unbound free variable in RHS of binding: Z; error: unbound free variable in RHS of binding: Z; error: unbound free variable in RHS of binding: R; syntax error: Invalid Lambda Expression
given nr       test 26, adreyf01 failed -- We expected term "divmod 2 1" to reduce to "PAIR (S (S Z)) Z", but using your definitions, it reduced to "\f.f (\f.\x.f (f (PAIR (f S Z) (x S Z)))) \f.\x.x".
given nr       test 26, tsoule01 passed
given nr       test 26, agallant passed
given nr       test 26, jkang09  failed -- We expected term "divmod 2 1" to reduce to "PAIR (S (S Z)) Z", but using your definitions, it reduced to "\f.f".
given nr       test 26, jwoold01 errored -- Loading your lambda code triggered these errors: error: unbound free variable in RHS of binding: xFT; error: unbound free variable in RHS of binding: nPHI; error: unbound free variable in RHS of binding: YDMR; syntax error: Invalid Lambda Expression; syntax error: Invalid Lambda Expression; syntax error: Invalid Lambda Expression; syntax error: Invalid Lambda Expression; syntax error: Invalid Lambda Expression; syntax error: Invalid Lambda Expression; syntax error: Invalid Lambda Expression; syntax error: Invalid Lambda Expression; syntax error: Invalid Lambda Expression
given nr       test 26, dwhitn01 passed
given nr       test 26, sgardn04 failed -- We expected term "divmod 2 1" to reduce to "PAIR (S (S Z)) Z", but using your definitions, it reduced to "\x.\y.PAIR (PAIR (x S Z) (S S Z) Z) (y S Z)".
given nr       test 26, jaltre01 failed -- We expected term "divmod 2 1" to reduce to "PAIR (S (S Z)) Z", but using your definitions, it reduced to "divmod (\f.\x.f (f x)) (\f.f) \x.\y.PAIR (x S Z) (y S Z)".
given nr       test 26, nbugas01 passed
given nr       test 26, blarsen  passed
given nr       test 27, hlin02   passed
given nr       test 27, zabram02 passed
given nr       test 27, gong01   passed
given nr       test 27, bjorda02 failed -- We expected term "pred 0" to reduce to "Z", but using your definitions, it reduced to "\z.z (\x.\y.y) \x.\y.x".
given nr       test 27, jtan03   passed
given nr       test 27, jwelch01 passed
given nr       test 27, hnasar01 failed -- We expected term "pred 0" to reduce to "Z", but using your definitions, it reduced to "S Z".
given nr       test 27, sbidwe01 passed
given nr       test 27, mleise01 passed
given nr       test 27, dkass01  passed
given nr       test 27, npalmo01 passed
given nr       test 27, bsumne01 passed
given nr       test 27, jkenne05 passed
given nr       test 27, esalow01 passed
given nr       test 27, bkolta01 passed
given nr       test 27, asamps01 passed
given nr       test 27, kmcneely passed
given nr       test 27, jpearl05 passed
given nr       test 27, jbryan04 failed -- We expected term "pred 0" to reduce to "Z", but using your definitions, it reduced to "pred (\f.\x.x) S Z".
given nr       test 27, ariley03 passed
given nr       test 27, mdarsn01 passed
given nr       test 27, rmonde01 passed
given nr       test 27, xzhang01 passed
given nr       test 27, mrusse03 passed
given nr       test 27, dreedy01 passed
given nr       test 27, drenfr01 errored -- Loading your lambda code triggered these errors: error: unbound free variable in RHS of binding: zero; error: unbound free variable in RHS of binding: Z; error: unbound free variable in RHS of binding: Z; error: unbound free variable in RHS of binding: R; syntax error: Invalid Lambda Expression
given nr       test 27, adreyf01 passed
given nr       test 27, tsoule01 passed
given nr       test 27, agallant passed
given nr       test 27, jkang09  failed -- We expected term "pred 0" to reduce to "Z", but using your definitions, it reduced to "\f.\x.x".
given nr       test 27, jwoold01 errored -- Loading your lambda code triggered these errors: error: unbound free variable in RHS of binding: xFT; error: unbound free variable in RHS of binding: nPHI; error: unbound free variable in RHS of binding: YDMR; syntax error: Invalid Lambda Expression; syntax error: Invalid Lambda Expression; syntax error: Invalid Lambda Expression; syntax error: Invalid Lambda Expression; syntax error: Invalid Lambda Expression; syntax error: Invalid Lambda Expression; syntax error: Invalid Lambda Expression; syntax error: Invalid Lambda Expression; syntax error: Invalid Lambda Expression
given nr       test 27, dwhitn01 passed
given nr       test 27, sgardn04 failed -- We expected term "pred 0" to reduce to "Z", but using your definitions, it reduced to "\f.\x.x".
given nr       test 27, jaltre01 passed
given nr       test 27, nbugas01 passed
given nr       test 27, blarsen  passed
given nr       test 28, hlin02   passed
given nr       test 28, zabram02 passed
given nr       test 28, gong01   passed
given nr       test 28, bjorda02 failed -- We expected term "pred (succ 0)" to reduce to "Z", but using your definitions, it reduced to "S \z.z (\x.\y.y) \x.\y.x".
given nr       test 28, jtan03   passed
given nr       test 28, jwelch01 passed
given nr       test 28, hnasar01 failed -- We expected term "pred (succ 0)" to reduce to "Z", but using your definitions, it reduced to "\z.z \s.\z.z".
given nr       test 28, sbidwe01 passed
given nr       test 28, mleise01 passed
given nr       test 28, dkass01  passed
given nr       test 28, npalmo01 failed -- We expected term "pred (succ 0)" to reduce to "Z", but using your definitions, it reduced to "S (\x.x) (\z.z (\f.\x.x) \f.\x.x) Z".
given nr       test 28, bsumne01 passed
given nr       test 28, jkenne05 failed -- We expected term "pred (succ 0)" to reduce to "Z", but using your definitions, it reduced to "\x.x".
given nr       test 28, esalow01 passed
given nr       test 28, bkolta01 passed
given nr       test 28, asamps01 passed
given nr       test 28, kmcneely passed
given nr       test 28, jpearl05 passed
given nr       test 28, jbryan04 failed -- We expected term "pred (succ 0)" to reduce to "Z", but using your definitions, it reduced to "pred (\f.f) S Z".
given nr       test 28, ariley03 passed
given nr       test 28, mdarsn01 passed
given nr       test 28, rmonde01 passed
given nr       test 28, xzhang01 passed
given nr       test 28, mrusse03 passed
given nr       test 28, dreedy01 failed -- We expected term "pred (succ 0)" to reduce to "Z", but using your definitions, it reduced to "\x.x".
given nr       test 28, drenfr01 errored -- Loading your lambda code triggered these errors: error: unbound free variable in RHS of binding: zero; error: unbound free variable in RHS of binding: Z; error: unbound free variable in RHS of binding: Z; error: unbound free variable in RHS of binding: R; syntax error: Invalid Lambda Expression
given nr       test 28, adreyf01 passed
given nr       test 28, tsoule01 passed
given nr       test 28, agallant passed
given nr       test 28, jkang09  failed -- We expected term "pred (succ 0)" to reduce to "Z", but using your definitions, it reduced to "\f.\x.x".
given nr       test 28, jwoold01 errored -- Loading your lambda code triggered these errors: error: unbound free variable in RHS of binding: xFT; error: unbound free variable in RHS of binding: nPHI; error: unbound free variable in RHS of binding: YDMR; syntax error: Invalid Lambda Expression; syntax error: Invalid Lambda Expression; syntax error: Invalid Lambda Expression; syntax error: Invalid Lambda Expression; syntax error: Invalid Lambda Expression; syntax error: Invalid Lambda Expression; syntax error: Invalid Lambda Expression; syntax error: Invalid Lambda Expression; syntax error: Invalid Lambda Expression
given nr       test 28, dwhitn01 passed
given nr       test 28, sgardn04 failed -- We expected term "pred (succ 0)" to reduce to "Z", but using your definitions, it reduced to "\f.\x.x".
given nr       test 28, jaltre01 passed
given nr       test 28, nbugas01 passed
given nr       test 28, blarsen  passed
given nr       test 29, hlin02   passed
given nr       test 29, zabram02 passed
given nr       test 29, gong01   passed
given nr       test 29, bjorda02 passed
given nr       test 29, jtan03   passed
given nr       test 29, jwelch01 passed
given nr       test 29, hnasar01 failed -- We expected term "eq 0 0" to reduce to "T", but using your definitions, it reduced to "eq (\f.\x.x) (\f.\x.x) T F".
given nr       test 29, sbidwe01 passed
given nr       test 29, mleise01 passed
given nr       test 29, dkass01  passed
given nr       test 29, npalmo01 failed -- We expected term "eq 0 0" to reduce to "T", but using your definitions, it reduced to "F".
given nr       test 29, bsumne01 passed
given nr       test 29, jkenne05 passed
given nr       test 29, esalow01 passed
given nr       test 29, bkolta01 passed
given nr       test 29, asamps01 passed
given nr       test 29, kmcneely passed
given nr       test 29, jpearl05 passed
given nr       test 29, jbryan04 failed -- We expected term "eq 0 0" to reduce to "T", but using your definitions, it reduced to "eq (\f.\x.x) (\f.\x.x) T F".
given nr       test 29, ariley03 passed
given nr       test 29, mdarsn01 failed -- We expected term "eq 0 0" to reduce to "T", but using your definitions, it reduced to "F".
given nr       test 29, rmonde01 passed
given nr       test 29, xzhang01 passed
given nr       test 29, mrusse03 passed
given nr       test 29, dreedy01 passed
given nr       test 29, drenfr01 errored -- Loading your lambda code triggered these errors: error: unbound free variable in RHS of binding: zero; error: unbound free variable in RHS of binding: Z; error: unbound free variable in RHS of binding: Z; error: unbound free variable in RHS of binding: R; syntax error: Invalid Lambda Expression
given nr       test 29, adreyf01 passed
given nr       test 29, tsoule01 passed
given nr       test 29, agallant passed
given nr       test 29, jkang09  passed
given nr       test 29, jwoold01 errored -- Loading your lambda code triggered these errors: error: unbound free variable in RHS of binding: xFT; error: unbound free variable in RHS of binding: nPHI; error: unbound free variable in RHS of binding: YDMR; syntax error: Invalid Lambda Expression; syntax error: Invalid Lambda Expression; syntax error: Invalid Lambda Expression; syntax error: Invalid Lambda Expression; syntax error: Invalid Lambda Expression; syntax error: Invalid Lambda Expression; syntax error: Invalid Lambda Expression; syntax error: Invalid Lambda Expression; syntax error: Invalid Lambda Expression
given nr       test 29, dwhitn01 passed
given nr       test 29, sgardn04 failed -- We expected term "eq 0 0" to reduce to "T", but using your definitions, it reduced to "T (\x.\x.\y.y) (\x.\y.x) (\n.n (\x.\x.\y.y) \x.\y.x) F".
given nr       test 29, jaltre01 passed
given nr       test 29, nbugas01 passed
given nr       test 29, blarsen  passed
given nr       test 30, hlin02   passed
given nr       test 30, zabram02 passed
given nr       test 30, gong01   passed
given nr       test 30, bjorda02 failed -- We expected term "eq 0 1" to reduce to "F", but using your definitions, it reduced to "\y.y".
given nr       test 30, jtan03   passed
given nr       test 30, jwelch01 passed
given nr       test 30, hnasar01 failed -- We expected term "eq 0 1" to reduce to "F", but using your definitions, it reduced to "eq (\f.\x.x) (\f.f) T F".
given nr       test 30, sbidwe01 passed
given nr       test 30, mleise01 passed
given nr       test 30, dkass01  passed
given nr       test 30, npalmo01 failed -- We expected term "eq 0 1" to reduce to "F", but using your definitions, it reduced to "T F".
given nr       test 30, bsumne01 passed
given nr       test 30, jkenne05 passed
given nr       test 30, esalow01 passed
given nr       test 30, bkolta01 passed
given nr       test 30, asamps01 passed
given nr       test 30, kmcneely passed
given nr       test 30, jpearl05 passed
given nr       test 30, jbryan04 failed -- We expected term "eq 0 1" to reduce to "F", but using your definitions, it reduced to "eq (\f.\x.x) (\f.f) T F".
given nr       test 30, ariley03 passed
given nr       test 30, mdarsn01 failed -- We expected term "eq 0 1" to reduce to "F", but using your definitions, it reduced to "T F".
given nr       test 30, rmonde01 passed
given nr       test 30, xzhang01 failed -- We expected term "eq 0 1" to reduce to "F", but using your definitions, it reduced to "T".
given nr       test 30, mrusse03 passed
given nr       test 30, dreedy01 passed
given nr       test 30, drenfr01 errored -- Loading your lambda code triggered these errors: error: unbound free variable in RHS of binding: zero; error: unbound free variable in RHS of binding: Z; error: unbound free variable in RHS of binding: Z; error: unbound free variable in RHS of binding: R; syntax error: Invalid Lambda Expression
given nr       test 30, adreyf01 passed
given nr       test 30, tsoule01 passed
given nr       test 30, agallant passed
given nr       test 30, jkang09  passed
given nr       test 30, jwoold01 errored -- Loading your lambda code triggered these errors: error: unbound free variable in RHS of binding: xFT; error: unbound free variable in RHS of binding: nPHI; error: unbound free variable in RHS of binding: YDMR; syntax error: Invalid Lambda Expression; syntax error: Invalid Lambda Expression; syntax error: Invalid Lambda Expression; syntax error: Invalid Lambda Expression; syntax error: Invalid Lambda Expression; syntax error: Invalid Lambda Expression; syntax error: Invalid Lambda Expression; syntax error: Invalid Lambda Expression; syntax error: Invalid Lambda Expression
given nr       test 30, dwhitn01 passed
given nr       test 30, sgardn04 failed -- We expected term "eq 0 1" to reduce to "F", but using your definitions, it reduced to "\x.x".
given nr       test 30, jaltre01 passed
given nr       test 30, nbugas01 passed
given nr       test 30, blarsen  passed
given nr       test 31, hlin02   passed
given nr       test 31, zabram02 passed
given nr       test 31, gong01   failed -- We expected term "divmod 0 2" to reduce to "PAIR Z Z", but using your definitions, it reduced to "\x.x".
given nr       test 31, bjorda02 failed -- We expected term "divmod 0 2" to reduce to "PAIR Z Z", but using your definitions, it reduced to "PAIR (\z.z (\x.\y.y) \x.\y.x) \z.z (\x.\y.y) \x.\y.x".
given nr       test 31, jtan03   passed
given nr       test 31, jwelch01 passed
given nr       test 31, hnasar01 failed -- We expected term "divmod 0 2" to reduce to "PAIR Z Z", but using your definitions, it reduced to "divmod (\f.\x.x) (\f.\x.f (f x)) \x.\y.PAIR (x S Z) (y S Z)".
given nr       test 31, sbidwe01 passed
given nr       test 31, mleise01 passed
given nr       test 31, dkass01  passed
given nr       test 31, npalmo01 failed -- We expected term "divmod 0 2" to reduce to "PAIR Z Z", but using your definitions, it reduced to "divmod (\f.\x.x) (\f.\x.f (f x)) \x.\y.PAIR (x S Z) (y S Z)".
given nr       test 31, bsumne01 passed
given nr       test 31, jkenne05 passed
given nr       test 31, esalow01 passed
given nr       test 31, bkolta01 passed
given nr       test 31, asamps01 passed
given nr       test 31, kmcneely failed -- We expected term "divmod 0 2" to reduce to "PAIR Z Z", but using your definitions, it reduced to "PAIR Z (S (S Z))".
given nr       test 31, jpearl05 passed
given nr       test 31, jbryan04 failed -- We expected term "divmod 0 2" to reduce to "PAIR Z Z", but using your definitions, it reduced to "divmod (\f.\x.x) (\f.\x.f (f x)) \x.\y.PAIR (x S Z) (y S Z)".
given nr       test 31, ariley03 passed
given nr       test 31, mdarsn01 diverged -- We expected term "divmod 0 2" to reduce to "PAIR Z Z", but your code diverged.
given nr       test 31, rmonde01 passed
given nr       test 31, xzhang01 passed
given nr       test 31, mrusse03 passed
given nr       test 31, dreedy01 passed
given nr       test 31, drenfr01 errored -- Loading your lambda code triggered these errors: error: unbound free variable in RHS of binding: zero; error: unbound free variable in RHS of binding: Z; error: unbound free variable in RHS of binding: Z; error: unbound free variable in RHS of binding: R; syntax error: Invalid Lambda Expression
given nr       test 31, adreyf01 failed -- We expected term "divmod 0 2" to reduce to "PAIR Z Z", but using your definitions, it reduced to "\f.f (\f.\x.f (PAIR (f S Z) (x S Z))) \f.\x.f (f x)".
given nr       test 31, tsoule01 passed
given nr       test 31, agallant passed
given nr       test 31, jkang09  passed
given nr       test 31, jwoold01 errored -- Loading your lambda code triggered these errors: error: unbound free variable in RHS of binding: xFT; error: unbound free variable in RHS of binding: nPHI; error: unbound free variable in RHS of binding: YDMR; syntax error: Invalid Lambda Expression; syntax error: Invalid Lambda Expression; syntax error: Invalid Lambda Expression; syntax error: Invalid Lambda Expression; syntax error: Invalid Lambda Expression; syntax error: Invalid Lambda Expression; syntax error: Invalid Lambda Expression; syntax error: Invalid Lambda Expression; syntax error: Invalid Lambda Expression
given nr       test 31, dwhitn01 passed
given nr       test 31, sgardn04 passed
given nr       test 31, jaltre01 failed -- We expected term "divmod 0 2" to reduce to "PAIR Z Z", but using your definitions, it reduced to "divmod (\f.\x.x) (\f.\x.f (f x)) \x.\y.PAIR (x S Z) (y S Z)".
given nr       test 31, nbugas01 passed
given nr       test 31, blarsen  passed
given nr       test 32, hlin02   passed
given nr       test 32, zabram02 passed
given nr       test 32, gong01   failed -- We expected term "divmod 0 3" to reduce to "PAIR Z Z", but using your definitions, it reduced to "\x.x".
given nr       test 32, bjorda02 failed -- We expected term "divmod 0 3" to reduce to "PAIR Z Z", but using your definitions, it reduced to "PAIR (\z.z (\x.\y.y) \x.\y.x) \z.z (\x.\y.y) \x.\y.x".
given nr       test 32, jtan03   passed
given nr       test 32, jwelch01 passed
given nr       test 32, hnasar01 failed -- We expected term "divmod 0 3" to reduce to "PAIR Z Z", but using your definitions, it reduced to "divmod (\f.\x.x) (\f.\x.f (f (f x))) \x.\y.PAIR (x S Z) (y S Z)".
given nr       test 32, sbidwe01 passed
given nr       test 32, mleise01 passed
given nr       test 32, dkass01  passed
given nr       test 32, npalmo01 failed -- We expected term "divmod 0 3" to reduce to "PAIR Z Z", but using your definitions, it reduced to "divmod (\f.\x.x) (\f.\x.f (f (f x))) \x.\y.PAIR (x S Z) (y S Z)".
given nr       test 32, bsumne01 passed
given nr       test 32, jkenne05 passed
given nr       test 32, esalow01 passed
given nr       test 32, bkolta01 passed
given nr       test 32, asamps01 passed
given nr       test 32, kmcneely failed -- We expected term "divmod 0 3" to reduce to "PAIR Z Z", but using your definitions, it reduced to "PAIR Z (S (S (S Z)))".
given nr       test 32, jpearl05 passed
given nr       test 32, jbryan04 failed -- We expected term "divmod 0 3" to reduce to "PAIR Z Z", but using your definitions, it reduced to "divmod (\f.\x.x) (\f.\x.f (f (f x))) \x.\y.PAIR (x S Z) (y S Z)".
given nr       test 32, ariley03 passed
given nr       test 32, mdarsn01 diverged -- We expected term "divmod 0 3" to reduce to "PAIR Z Z", but your code diverged.
given nr       test 32, rmonde01 passed
given nr       test 32, xzhang01 passed
given nr       test 32, mrusse03 passed
given nr       test 32, dreedy01 passed
given nr       test 32, drenfr01 errored -- Loading your lambda code triggered these errors: error: unbound free variable in RHS of binding: zero; error: unbound free variable in RHS of binding: Z; error: unbound free variable in RHS of binding: Z; error: unbound free variable in RHS of binding: R; syntax error: Invalid Lambda Expression
given nr       test 32, adreyf01 failed -- We expected term "divmod 0 3" to reduce to "PAIR Z Z", but using your definitions, it reduced to "\f.f (\f.\x.f (PAIR (f S Z) (x S Z))) \f.\x.f (f (f x))".
given nr       test 32, tsoule01 passed
given nr       test 32, agallant passed
given nr       test 32, jkang09  passed
given nr       test 32, jwoold01 errored -- Loading your lambda code triggered these errors: error: unbound free variable in RHS of binding: xFT; error: unbound free variable in RHS of binding: nPHI; error: unbound free variable in RHS of binding: YDMR; syntax error: Invalid Lambda Expression; syntax error: Invalid Lambda Expression; syntax error: Invalid Lambda Expression; syntax error: Invalid Lambda Expression; syntax error: Invalid Lambda Expression; syntax error: Invalid Lambda Expression; syntax error: Invalid Lambda Expression; syntax error: Invalid Lambda Expression; syntax error: Invalid Lambda Expression
given nr       test 32, dwhitn01 passed
given nr       test 32, sgardn04 passed
given nr       test 32, jaltre01 failed -- We expected term "divmod 0 3" to reduce to "PAIR Z Z", but using your definitions, it reduced to "divmod (\f.\x.x) (\f.\x.f (f (f x))) \x.\y.PAIR (x S Z) (y S Z)".
given nr       test 32, nbugas01 passed
given nr       test 32, blarsen  passed
given nr       test 33, hlin02   passed
given nr       test 33, zabram02 passed
given nr       test 33, gong01   failed -- We expected term "divmod 0 1" to reduce to "PAIR Z Z", but using your definitions, it reduced to "\x.x".
given nr       test 33, bjorda02 failed -- We expected term "divmod 0 1" to reduce to "PAIR Z Z", but using your definitions, it reduced to "PAIR (\z.z (\x.\y.y) \x.\y.x) \z.z (\x.\y.y) \x.\y.x".
given nr       test 33, jtan03   passed
given nr       test 33, jwelch01 passed
given nr       test 33, hnasar01 failed -- We expected term "divmod 0 1" to reduce to "PAIR Z Z", but using your definitions, it reduced to "divmod (\f.\x.x) (\f.f) \x.\y.PAIR (x S Z) (y S Z)".
given nr       test 33, sbidwe01 passed
given nr       test 33, mleise01 passed
given nr       test 33, dkass01  passed
given nr       test 33, npalmo01 failed -- We expected term "divmod 0 1" to reduce to "PAIR Z Z", but using your definitions, it reduced to "divmod (\f.\x.x) (\f.f) \x.\y.PAIR (x S Z) (y S Z)".
given nr       test 33, bsumne01 passed
given nr       test 33, jkenne05 passed
given nr       test 33, esalow01 passed
given nr       test 33, bkolta01 passed
given nr       test 33, asamps01 passed
given nr       test 33, kmcneely failed -- We expected term "divmod 0 1" to reduce to "PAIR Z Z", but using your definitions, it reduced to "PAIR Z (S Z)".
given nr       test 33, jpearl05 passed
given nr       test 33, jbryan04 failed -- We expected term "divmod 0 1" to reduce to "PAIR Z Z", but using your definitions, it reduced to "divmod (\f.\x.x) (\f.f) \x.\y.PAIR (x S Z) (y S Z)".
given nr       test 33, ariley03 passed
given nr       test 33, mdarsn01 diverged -- We expected term "divmod 0 1" to reduce to "PAIR Z Z", but your code diverged.
given nr       test 33, rmonde01 passed
given nr       test 33, xzhang01 passed
given nr       test 33, mrusse03 passed
given nr       test 33, dreedy01 passed
given nr       test 33, drenfr01 errored -- Loading your lambda code triggered these errors: error: unbound free variable in RHS of binding: zero; error: unbound free variable in RHS of binding: Z; error: unbound free variable in RHS of binding: Z; error: unbound free variable in RHS of binding: R; syntax error: Invalid Lambda Expression
given nr       test 33, adreyf01 failed -- We expected term "divmod 0 1" to reduce to "PAIR Z Z", but using your definitions, it reduced to "\f.f (\f.\x.f (PAIR (f S Z) (x S Z))) \f.f".
given nr       test 33, tsoule01 passed
given nr       test 33, agallant passed
given nr       test 33, jkang09  passed
given nr       test 33, jwoold01 errored -- Loading your lambda code triggered these errors: error: unbound free variable in RHS of binding: xFT; error: unbound free variable in RHS of binding: nPHI; error: unbound free variable in RHS of binding: YDMR; syntax error: Invalid Lambda Expression; syntax error: Invalid Lambda Expression; syntax error: Invalid Lambda Expression; syntax error: Invalid Lambda Expression; syntax error: Invalid Lambda Expression; syntax error: Invalid Lambda Expression; syntax error: Invalid Lambda Expression; syntax error: Invalid Lambda Expression; syntax error: Invalid Lambda Expression
given nr       test 33, dwhitn01 passed
given nr       test 33, sgardn04 passed
given nr       test 33, jaltre01 failed -- We expected term "divmod 0 1" to reduce to "PAIR Z Z", but using your definitions, it reduced to "divmod (\f.\x.x) (\f.f) \x.\y.PAIR (x S Z) (y S Z)".
given nr       test 33, nbugas01 passed
given nr       test 33, blarsen  passed
